<?xml version="1.0" encoding="UTF-8"?>
<testsuite xmlns:xsi="http://www.w3.org/2001/XMLSchema-instance" xsi:noNamespaceSchemaLocation="https://maven.apache.org/surefire/maven-surefire-plugin/xsd/surefire-test-report-3.0.xsd" version="3.0" name="com.moises.messaging.scenarios.CacheConsistencyTest" time="14.718" tests="1" errors="0" skipped="0" failures="0">
  <properties>
[...]
</properties>
  <testcase name="deveManterCacheConsistenteComOBancoAposEscrita" classname="com.moises.messaging.scenarios.CacheConsistencyTest" time="4.588">
    <system-out><![CDATA[23:30:15.752 [main] INFO org.springframework.test.context.support.AnnotationConfigContextLoaderUtils -- Could not detect default configuration classes for test class [com.moises.messaging.scenarios.CacheConsistencyTest]: CacheConsistencyTest does not declare any static, non-private, non-final, nested classes annotated with @Configuration.
23:30:15.885 [main] INFO org.springframework.boot.test.context.SpringBootTestContextBootstrapper -- Found @SpringBootConfiguration com.moises.messaging.MessagingApplication for test class com.moises.messaging.scenarios.CacheConsistencyTest

  .   ____          _            __ _ _
 /\\ / ___'_ __ _ _(_)_ __  __ _ \ \ \ \
( ( )\___ | '_ | '_| | '_ \/ _` | \ \ \ \
 \\/  ___)| |_)| | | | | || (_| |  ) ) ) )
  '  |____| .__|_| |_|_| |_\__, | / / / /
 =========|_|==============|___/=/_/_/_/

 :: Spring Boot ::                (v3.3.4)

2026-08-11 23:30:16.477 [background-preinit] INFO  o.h.validator.internal.util.Version - HV000001: Hibernate Validator 8.0.1.Final
2026-08-11 23:30:16.531 [main] INFO  c.m.m.scenarios.CacheConsistencyTest - Starting CacheConsistencyTest using Java 17.0.20 with PID 15244 (started by moises in C:\projetos\java-messaging-idempotency-tests)
2026-08-11 23:30:16.532 [main] DEBUG c.m.m.scenarios.CacheConsistencyTest - Running with Spring Boot v3.3.4, Spring v6.1.13
2026-08-11 23:30:16.533 [main] INFO  c.m.m.scenarios.CacheConsistencyTest - No active profile set, falling back to 1 default profile: "default"
2026-08-11 23:30:17.728 [main] INFO  o.s.d.r.c.RepositoryConfigurationDelegate - Multiple Spring Data modules found, entering strict repository configuration mode
2026-08-11 23:30:17.729 [main] INFO  o.s.d.r.c.RepositoryConfigurationDelegate - Bootstrapping Spring Data JPA repositories in DEFAULT mode.
2026-08-11 23:30:17.925 [main] INFO  o.s.d.r.c.RepositoryConfigurationDelegate - Finished Spring Data repository scanning in 186 ms. Found 1 JPA repository interface.
2026-08-11 23:30:17.952 [main] INFO  o.s.d.r.c.RepositoryConfigurationDelegate - Multiple Spring Data modules found, entering strict repository configuration mode
2026-08-11 23:30:17.955 [main] INFO  o.s.d.r.c.RepositoryConfigurationDelegate - Bootstrapping Spring Data Redis repositories in DEFAULT mode.
2026-08-11 23:30:17.984 [main] INFO  o.s.d.r.c.RepositoryConfigurationExtensionSupport - Spring Data Redis - Could not safely identify store assignment for repository candidate interface com.moises.messaging.repository.OrderRepository; If you want this repository to be a Redis repository, consider annotating your entities with one of these annotations: org.springframework.data.redis.core.RedisHash (preferred), or consider extending one of the following types with your repository: org.springframework.data.keyvalue.repository.KeyValueRepository
2026-08-11 23:30:17.985 [main] INFO  o.s.d.r.c.RepositoryConfigurationDelegate - Finished Spring Data repository scanning in 14 ms. Found 0 Redis repository interfaces.
2026-08-11 23:30:19.378 [main] INFO  o.s.b.w.e.tomcat.TomcatWebServer - Tomcat initialized with port 0 (http)
2026-08-11 23:30:19.393 [main] INFO  o.a.coyote.http11.Http11NioProtocol - Initializing ProtocolHandler ["http-nio-auto-1"]
2026-08-11 23:30:19.397 [main] INFO  o.a.catalina.core.StandardService - Starting service [Tomcat]
2026-08-11 23:30:19.398 [main] INFO  o.a.catalina.core.StandardEngine - Starting Servlet engine: [Apache Tomcat/10.1.30]
2026-08-11 23:30:19.585 [main] INFO  o.a.c.c.C.[Tomcat].[localhost].[/] - Initializing Spring embedded WebApplicationContext
2026-08-11 23:30:19.588 [main] INFO  o.s.b.w.s.c.ServletWebServerApplicationContext - Root WebApplicationContext: initialization completed in 3026 ms
2026-08-11 23:30:20.270 [main] INFO  o.h.jpa.internal.util.LogHelper - HHH000204: Processing PersistenceUnitInfo [name: default]
2026-08-11 23:30:20.403 [main] INFO  org.hibernate.Version - HHH000412: Hibernate ORM core version 6.5.3.Final
2026-08-11 23:30:20.492 [main] INFO  o.h.c.i.RegionFactoryInitiator - HHH000026: Second-level cache disabled
2026-08-11 23:30:20.948 [main] INFO  o.s.o.j.p.SpringPersistenceUnitInfo - No LoadTimeWeaver setup: ignoring JPA class transformer
2026-08-11 23:30:20.992 [main] INFO  com.zaxxer.hikari.HikariDataSource - HikariPool-1 - Starting...
2026-08-11 23:30:21.222 [main] INFO  com.zaxxer.hikari.pool.HikariPool - HikariPool-1 - Added connection org.postgresql.jdbc.PgConnection@6a26eee6
2026-08-11 23:30:21.225 [main] INFO  com.zaxxer.hikari.HikariDataSource - HikariPool-1 - Start completed.
2026-08-11 23:30:22.486 [main] INFO  o.h.e.t.j.p.i.JtaPlatformInitiator - HHH000489: No JTA platform available (set 'hibernate.transaction.jta.platform' to enable JTA platform integration)
2026-08-11 23:30:22.544 [main] INFO  o.s.o.j.LocalContainerEntityManagerFactoryBean - Initialized JPA EntityManagerFactory for persistence unit 'default'
2026-08-11 23:30:23.669 [main] WARN  o.s.b.a.o.j.JpaBaseConfiguration$JpaWebConfiguration - spring.jpa.open-in-view is enabled by default. Therefore, database queries may be performed during view rendering. Explicitly configure spring.jpa.open-in-view to disable this warning
2026-08-11 23:30:24.889 [main] INFO  o.s.b.a.e.web.EndpointLinksResolver - Exposing 2 endpoints beneath base path '/actuator'
2026-08-11 23:30:25.052 [main] INFO  o.a.coyote.http11.Http11NioProtocol - Starting ProtocolHandler ["http-nio-auto-1"]
2026-08-11 23:30:25.107 [main] INFO  o.s.b.w.e.tomcat.TomcatWebServer - Tomcat started on port 55769 (http) with context path '/'
2026-08-11 23:30:25.202 [main] INFO  o.a.k.c.consumer.ConsumerConfig - ConsumerConfig values: 
	allow.auto.create.topics = true
	auto.commit.interval.ms = 5000
	auto.include.jmx.reporter = true
	auto.offset.reset = earliest
	bootstrap.servers = [localhost:9092]
	check.crcs = true
	client.dns.lookup = use_all_dns_ips
	client.id = consumer-messaging-idempotency-service-1
	client.rack = 
	connections.max.idle.ms = 540000
	default.api.timeout.ms = 60000
	enable.auto.commit = false
	enable.metrics.push = true
	exclude.internal.topics = true
	fetch.max.bytes = 52428800
	fetch.max.wait.ms = 500
	fetch.min.bytes = 1
	group.id = messaging-idempotency-service
	group.instance.id = null
	group.protocol = classic
	group.remote.assignor = null
	heartbeat.interval.ms = 3000
	interceptor.classes = []
	internal.leave.group.on.close = true
	internal.throw.on.fetch.stable.offset.unsupported = false
	isolation.level = read_uncommitted
	key.deserializer = class org.apache.kafka.common.serialization.StringDeserializer
	max.partition.fetch.bytes = 1048576
	max.poll.interval.ms = 300000
	max.poll.records = 500
	metadata.max.age.ms = 300000
	metric.reporters = []
	metrics.num.samples = 2
	metrics.recording.level = INFO
	metrics.sample.window.ms = 30000
	partition.assignment.strategy = [class org.apache.kafka.clients.consumer.RangeAssignor, class org.apache.kafka.clients.consumer.CooperativeStickyAssignor]
	receive.buffer.bytes = 65536
	reconnect.backoff.max.ms = 1000
	reconnect.backoff.ms = 50
	request.timeout.ms = 30000
	retry.backoff.max.ms = 1000
	retry.backoff.ms = 100
	sasl.client.callback.handler.class = null
	sasl.jaas.config = null
	sasl.kerberos.kinit.cmd = /usr/bin/kinit
	sasl.kerberos.min.time.before.relogin = 60000
	sasl.kerberos.service.name = null
	sasl.kerberos.ticket.renew.jitter = 0.05
	sasl.kerberos.ticket.renew.window.factor = 0.8
	sasl.login.callback.handler.class = null
	sasl.login.class = null
	sasl.login.connect.timeout.ms = null
	sasl.login.read.timeout.ms = null
	sasl.login.refresh.buffer.seconds = 300
	sasl.login.refresh.min.period.seconds = 60
	sasl.login.refresh.window.factor = 0.8
	sasl.login.refresh.window.jitter = 0.05
	sasl.login.retry.backoff.max.ms = 10000
	sasl.login.retry.backoff.ms = 100
	sasl.mechanism = GSSAPI
	sasl.oauthbearer.clock.skew.seconds = 30
	sasl.oauthbearer.expected.audience = null
	sasl.oauthbearer.expected.issuer = null
	sasl.oauthbearer.jwks.endpoint.refresh.ms = 3600000
	sasl.oauthbearer.jwks.endpoint.retry.backoff.max.ms = 10000
	sasl.oauthbearer.jwks.endpoint.retry.backoff.ms = 100
	sasl.oauthbearer.jwks.endpoint.url = null
	sasl.oauthbearer.scope.claim.name = scope
	sasl.oauthbearer.sub.claim.name = sub
	sasl.oauthbearer.token.endpoint.url = null
	security.protocol = PLAINTEXT
	security.providers = null
	send.buffer.bytes = 131072
	session.timeout.ms = 45000
	socket.connection.setup.timeout.max.ms = 30000
	socket.connection.setup.timeout.ms = 10000
	ssl.cipher.suites = null
	ssl.enabled.protocols = [TLSv1.2, TLSv1.3]
	ssl.endpoint.identification.algorithm = https
	ssl.engine.factory.class = null
	ssl.key.password = null
	ssl.keymanager.algorithm = SunX509
	ssl.keystore.certificate.chain = null
	ssl.keystore.key = null
	ssl.keystore.location = null
	ssl.keystore.password = null
	ssl.keystore.type = JKS
	ssl.protocol = TLSv1.3
	ssl.provider = null
	ssl.secure.random.implementation = null
	ssl.trustmanager.algorithm = PKIX
	ssl.truststore.certificates = null
	ssl.truststore.location = null
	ssl.truststore.password = null
	ssl.truststore.type = JKS
	value.deserializer = class org.springframework.kafka.support.serializer.JsonDeserializer

2026-08-11 23:30:25.300 [main] INFO  o.a.k.c.t.i.KafkaMetricsCollector - initializing Kafka metrics collector
2026-08-11 23:30:25.541 [main] INFO  o.a.kafka.common.utils.AppInfoParser - Kafka version: 3.7.1
2026-08-11 23:30:25.541 [main] INFO  o.a.kafka.common.utils.AppInfoParser - Kafka commitId: e2494e6ffb89f828
2026-08-11 23:30:25.541 [main] INFO  o.a.kafka.common.utils.AppInfoParser - Kafka startTimeMs: 1786501825538
2026-08-11 23:30:25.563 [main] INFO  o.a.k.c.c.i.LegacyKafkaConsumer - [Consumer clientId=consumer-messaging-idempotency-service-1, groupId=messaging-idempotency-service] Subscribed to topic(s): orders-topic
2026-08-11 23:30:25.595 [main] INFO  c.m.m.scenarios.CacheConsistencyTest - Started CacheConsistencyTest in 9.517 seconds (process running for 11.029)
2026-08-11 23:30:26.339 [org.springframework.kafka.KafkaListenerEndpointContainer#0-0-C-1] INFO  org.apache.kafka.clients.Metadata - [Consumer clientId=consumer-messaging-idempotency-service-1, groupId=messaging-idempotency-service] Cluster ID: MkU3OEVBNTcwNTJENDM2Qk
2026-08-11 23:30:26.341 [org.springframework.kafka.KafkaListenerEndpointContainer#0-0-C-1] INFO  o.a.k.c.c.i.ConsumerCoordinator - [Consumer clientId=consumer-messaging-idempotency-service-1, groupId=messaging-idempotency-service] Discovered group coordinator localhost:9092 (id: 2147483646 rack: null)
2026-08-11 23:30:26.346 [org.springframework.kafka.KafkaListenerEndpointContainer#0-0-C-1] INFO  o.a.k.c.c.i.ConsumerCoordinator - [Consumer clientId=consumer-messaging-idempotency-service-1, groupId=messaging-idempotency-service] (Re-)joining group
2026-08-11 23:30:26.378 [org.springframework.kafka.KafkaListenerEndpointContainer#0-0-C-1] INFO  o.a.k.c.c.i.ConsumerCoordinator - [Consumer clientId=consumer-messaging-idempotency-service-1, groupId=messaging-idempotency-service] Request joining group due to: need to re-join with the given member-id: consumer-messaging-idempotency-service-1-97e5070f-7295-4006-80a5-48686a91f0fb
2026-08-11 23:30:26.379 [org.springframework.kafka.KafkaListenerEndpointContainer#0-0-C-1] INFO  o.a.k.c.c.i.ConsumerCoordinator - [Consumer clientId=consumer-messaging-idempotency-service-1, groupId=messaging-idempotency-service] (Re-)joining group
2026-08-11 23:30:26.580 [main] INFO  c.m.m.support.MessageTestHelper - Publicando pedido de teste: idempotencyKey=[cache-consistency-e7fc2421-de79-411d-a36e-62d22787255f]
2026-08-11 23:30:26.793 [http-nio-auto-1-exec-1] INFO  o.a.c.c.C.[Tomcat].[localhost].[/] - Initializing Spring DispatcherServlet 'dispatcherServlet'
2026-08-11 23:30:26.794 [http-nio-auto-1-exec-1] INFO  o.s.web.servlet.DispatcherServlet - Initializing Servlet 'dispatcherServlet'
2026-08-11 23:30:26.796 [http-nio-auto-1-exec-1] INFO  o.s.web.servlet.DispatcherServlet - Completed initialization in 2 ms
2026-08-11 23:30:26.963 [http-nio-auto-1-exec-1] INFO  c.m.m.service.OrderProducerService - Publicando pedido no topico [orders-topic] com idempotencyKey=[cache-consistency-e7fc2421-de79-411d-a36e-62d22787255f]
2026-08-11 23:30:26.988 [http-nio-auto-1-exec-1] INFO  o.a.k.c.producer.ProducerConfig - ProducerConfig values: 
	acks = -1
	auto.include.jmx.reporter = true
	batch.size = 16384
	bootstrap.servers = [localhost:9092]
	buffer.memory = 33554432
	client.dns.lookup = use_all_dns_ips
	client.id = java-messaging-idempotency-tests-producer-1
	compression.type = none
	connections.max.idle.ms = 540000
	delivery.timeout.ms = 120000
	enable.idempotence = true
	enable.metrics.push = true
	interceptor.classes = []
	key.serializer = class org.apache.kafka.common.serialization.StringSerializer
	linger.ms = 0
	max.block.ms = 60000
	max.in.flight.requests.per.connection = 5
	max.request.size = 1048576
	metadata.max.age.ms = 300000
	metadata.max.idle.ms = 300000
	metric.reporters = []
	metrics.num.samples = 2
	metrics.recording.level = INFO
	metrics.sample.window.ms = 30000
	partitioner.adaptive.partitioning.enable = true
	partitioner.availability.timeout.ms = 0
	partitioner.class = null
	partitioner.ignore.keys = false
	receive.buffer.bytes = 32768
	reconnect.backoff.max.ms = 1000
	reconnect.backoff.ms = 50
	request.timeout.ms = 30000
	retries = 2147483647
	retry.backoff.max.ms = 1000
	retry.backoff.ms = 100
	sasl.client.callback.handler.class = null
	sasl.jaas.config = null
	sasl.kerberos.kinit.cmd = /usr/bin/kinit
	sasl.kerberos.min.time.before.relogin = 60000
	sasl.kerberos.service.name = null
	sasl.kerberos.ticket.renew.jitter = 0.05
	sasl.kerberos.ticket.renew.window.factor = 0.8
	sasl.login.callback.handler.class = null
	sasl.login.class = null
	sasl.login.connect.timeout.ms = null
	sasl.login.read.timeout.ms = null
	sasl.login.refresh.buffer.seconds = 300
	sasl.login.refresh.min.period.seconds = 60
	sasl.login.refresh.window.factor = 0.8
	sasl.login.refresh.window.jitter = 0.05
	sasl.login.retry.backoff.max.ms = 10000
	sasl.login.retry.backoff.ms = 100
	sasl.mechanism = GSSAPI
	sasl.oauthbearer.clock.skew.seconds = 30
	sasl.oauthbearer.expected.audience = null
	sasl.oauthbearer.expected.issuer = null
	sasl.oauthbearer.jwks.endpoint.refresh.ms = 3600000
	sasl.oauthbearer.jwks.endpoint.retry.backoff.max.ms = 10000
	sasl.oauthbearer.jwks.endpoint.retry.backoff.ms = 100
	sasl.oauthbearer.jwks.endpoint.url = null
	sasl.oauthbearer.scope.claim.name = scope
	sasl.oauthbearer.sub.claim.name = sub
	sasl.oauthbearer.token.endpoint.url = null
	security.protocol = PLAINTEXT
	security.providers = null
	send.buffer.bytes = 131072
	socket.connection.setup.timeout.max.ms = 30000
	socket.connection.setup.timeout.ms = 10000
	ssl.cipher.suites = null
	ssl.enabled.protocols = [TLSv1.2, TLSv1.3]
	ssl.endpoint.identification.algorithm = https
	ssl.engine.factory.class = null
	ssl.key.password = null
	ssl.keymanager.algorithm = SunX509
	ssl.keystore.certificate.chain = null
	ssl.keystore.key = null
	ssl.keystore.location = null
	ssl.keystore.password = null
	ssl.keystore.type = JKS
	ssl.protocol = TLSv1.3
	ssl.provider = null
	ssl.secure.random.implementation = null
	ssl.trustmanager.algorithm = PKIX
	ssl.truststore.certificates = null
	ssl.truststore.location = null
	ssl.truststore.password = null
	ssl.truststore.type = JKS
	transaction.timeout.ms = 60000
	transactional.id = null
	value.serializer = class org.springframework.kafka.support.serializer.JsonSerializer

2026-08-11 23:30:26.991 [http-nio-auto-1-exec-1] INFO  o.a.k.c.t.i.KafkaMetricsCollector - initializing Kafka metrics collector
2026-08-11 23:30:27.024 [http-nio-auto-1-exec-1] INFO  o.a.k.clients.producer.KafkaProducer - [Producer clientId=java-messaging-idempotency-tests-producer-1] Instantiated an idempotent producer.
2026-08-11 23:30:27.067 [http-nio-auto-1-exec-1] INFO  o.a.kafka.common.utils.AppInfoParser - Kafka version: 3.7.1
2026-08-11 23:30:27.068 [http-nio-auto-1-exec-1] INFO  o.a.kafka.common.utils.AppInfoParser - Kafka commitId: e2494e6ffb89f828
2026-08-11 23:30:27.068 [http-nio-auto-1-exec-1] INFO  o.a.kafka.common.utils.AppInfoParser - Kafka startTimeMs: 1786501827067
2026-08-11 23:30:27.114 [kafka-producer-network-thread | java-messaging-idempotency-tests-producer-1] INFO  org.apache.kafka.clients.Metadata - [Producer clientId=java-messaging-idempotency-tests-producer-1] Cluster ID: MkU3OEVBNTcwNTJENDM2Qk
2026-08-11 23:30:27.115 [kafka-producer-network-thread | java-messaging-idempotency-tests-producer-1] INFO  o.a.k.c.p.i.TransactionManager - [Producer clientId=java-messaging-idempotency-tests-producer-1] ProducerId set to 17 with epoch 0
2026-08-11 23:30:27.150 [http-nio-auto-1-exec-1] INFO  com.moises.messaging.evidence - PUBLISHED topic=orders-topic idempotencyKey=cache-consistency-e7fc2421-de79-411d-a36e-62d22787255f payload=com.moises.messaging.dto.OrderRequest@dc7d3ea
2026-08-11 23:30:27.206 [main] INFO  com.moises.messaging.evidence - TEST_PUBLISHED idempotencyKey=cache-consistency-e7fc2421-de79-411d-a36e-62d22787255f payload=com.moises.messaging.dto.OrderRequest@3086155a
2026-08-11 23:30:27.735 [awaitility-thread] DEBUG org.hibernate.SQL - 
    select
        o1_0.id,
        o1_0.created_at,
        o1_0.customer_id,
        o1_0.idempotency_key,
        o1_0.product_sku,
        o1_0.quantity,
        o1_0.status,
        o1_0.unit_price 
    from
        orders o1_0 
    where
        o1_0.idempotency_key=?
Hibernate: 
    select
        o1_0.id,
        o1_0.created_at,
        o1_0.customer_id,
        o1_0.idempotency_key,
        o1_0.product_sku,
        o1_0.quantity,
        o1_0.status,
        o1_0.unit_price 
    from
        orders o1_0 
    where
        o1_0.idempotency_key=?
2026-08-11 23:30:27.975 [awaitility-thread] DEBUG org.hibernate.SQL - 
    select
        o1_0.id,
        o1_0.created_at,
        o1_0.customer_id,
        o1_0.idempotency_key,
        o1_0.product_sku,
        o1_0.quantity,
        o1_0.status,
        o1_0.unit_price 
    from
        orders o1_0 
    where
        o1_0.idempotency_key=?
Hibernate: 
    select
        o1_0.id,
        o1_0.created_at,
        o1_0.customer_id,
        o1_0.idempotency_key,
        o1_0.product_sku,
        o1_0.quantity,
        o1_0.status,
        o1_0.unit_price 
    from
        orders o1_0 
    where
        o1_0.idempotency_key=?
2026-08-11 23:30:28.191 [awaitility-thread] DEBUG org.hibernate.SQL - 
    select
        o1_0.id,
        o1_0.created_at,
        o1_0.customer_id,
        o1_0.idempotency_key,
        o1_0.product_sku,
        o1_0.quantity,
        o1_0.status,
        o1_0.unit_price 
    from
        orders o1_0 
    where
        o1_0.idempotency_key=?
Hibernate: 
    select
        o1_0.id,
        o1_0.created_at,
        o1_0.customer_id,
        o1_0.idempotency_key,
        o1_0.product_sku,
        o1_0.quantity,
        o1_0.status,
        o1_0.unit_price 
    from
        orders o1_0 
    where
        o1_0.idempotency_key=?
2026-08-11 23:30:28.411 [awaitility-thread] DEBUG org.hibernate.SQL - 
    select
        o1_0.id,
        o1_0.created_at,
        o1_0.customer_id,
        o1_0.idempotency_key,
        o1_0.product_sku,
        o1_0.quantity,
        o1_0.status,
        o1_0.unit_price 
    from
        orders o1_0 
    where
        o1_0.idempotency_key=?
Hibernate: 
    select
        o1_0.id,
        o1_0.created_at,
        o1_0.customer_id,
        o1_0.idempotency_key,
        o1_0.product_sku,
        o1_0.quantity,
        o1_0.status,
        o1_0.unit_price 
    from
        orders o1_0 
    where
        o1_0.idempotency_key=?
2026-08-11 23:30:28.627 [awaitility-thread] DEBUG org.hibernate.SQL - 
    select
        o1_0.id,
        o1_0.created_at,
        o1_0.customer_id,
        o1_0.idempotency_key,
        o1_0.product_sku,
        o1_0.quantity,
        o1_0.status,
        o1_0.unit_price 
    from
        orders o1_0 
    where
        o1_0.idempotency_key=?
Hibernate: 
    select
        o1_0.id,
        o1_0.created_at,
        o1_0.customer_id,
        o1_0.idempotency_key,
        o1_0.product_sku,
        o1_0.quantity,
        o1_0.status,
        o1_0.unit_price 
    from
        orders o1_0 
    where
        o1_0.idempotency_key=?
2026-08-11 23:30:28.845 [awaitility-thread] DEBUG org.hibernate.SQL - 
    select
        o1_0.id,
        o1_0.created_at,
        o1_0.customer_id,
        o1_0.idempotency_key,
        o1_0.product_sku,
        o1_0.quantity,
        o1_0.status,
        o1_0.unit_price 
    from
        orders o1_0 
    where
        o1_0.idempotency_key=?
Hibernate: 
    select
        o1_0.id,
        o1_0.created_at,
        o1_0.customer_id,
        o1_0.idempotency_key,
        o1_0.product_sku,
        o1_0.quantity,
        o1_0.status,
        o1_0.unit_price 
    from
        orders o1_0 
    where
        o1_0.idempotency_key=?
2026-08-11 23:30:29.064 [awaitility-thread] DEBUG org.hibernate.SQL - 
    select
        o1_0.id,
        o1_0.created_at,
        o1_0.customer_id,
        o1_0.idempotency_key,
        o1_0.product_sku,
        o1_0.quantity,
        o1_0.status,
        o1_0.unit_price 
    from
        orders o1_0 
    where
        o1_0.idempotency_key=?
Hibernate: 
    select
        o1_0.id,
        o1_0.created_at,
        o1_0.customer_id,
        o1_0.idempotency_key,
        o1_0.product_sku,
        o1_0.quantity,
        o1_0.status,
        o1_0.unit_price 
    from
        orders o1_0 
    where
        o1_0.idempotency_key=?
2026-08-11 23:30:29.280 [awaitility-thread] DEBUG org.hibernate.SQL - 
    select
        o1_0.id,
        o1_0.created_at,
        o1_0.customer_id,
        o1_0.idempotency_key,
        o1_0.product_sku,
        o1_0.quantity,
        o1_0.status,
        o1_0.unit_price 
    from
        orders o1_0 
    where
        o1_0.idempotency_key=?
Hibernate: 
    select
        o1_0.id,
        o1_0.created_at,
        o1_0.customer_id,
        o1_0.idempotency_key,
        o1_0.product_sku,
        o1_0.quantity,
        o1_0.status,
        o1_0.unit_price 
    from
        orders o1_0 
    where
        o1_0.idempotency_key=?
2026-08-11 23:30:29.386 [org.springframework.kafka.KafkaListenerEndpointContainer#0-0-C-1] INFO  o.a.k.c.c.i.ConsumerCoordinator - [Consumer clientId=consumer-messaging-idempotency-service-1, groupId=messaging-idempotency-service] Successfully joined group with generation Generation{generationId=33, memberId='consumer-messaging-idempotency-service-1-97e5070f-7295-4006-80a5-48686a91f0fb', protocol='range'}
2026-08-11 23:30:29.393 [org.springframework.kafka.KafkaListenerEndpointContainer#0-0-C-1] INFO  o.a.k.c.c.i.ConsumerCoordinator - [Consumer clientId=consumer-messaging-idempotency-service-1, groupId=messaging-idempotency-service] Finished assignment for group at generation 33: {consumer-messaging-idempotency-service-1-97e5070f-7295-4006-80a5-48686a91f0fb=Assignment(partitions=[orders-topic-0])}
2026-08-11 23:30:29.399 [org.springframework.kafka.KafkaListenerEndpointContainer#0-0-C-1] INFO  o.a.k.c.c.i.ConsumerCoordinator - [Consumer clientId=consumer-messaging-idempotency-service-1, groupId=messaging-idempotency-service] Successfully synced group in generation Generation{generationId=33, memberId='consumer-messaging-idempotency-service-1-97e5070f-7295-4006-80a5-48686a91f0fb', protocol='range'}
2026-08-11 23:30:29.399 [org.springframework.kafka.KafkaListenerEndpointContainer#0-0-C-1] INFO  o.a.k.c.c.i.ConsumerCoordinator - [Consumer clientId=consumer-messaging-idempotency-service-1, groupId=messaging-idempotency-service] Notifying assignor about the new Assignment(partitions=[orders-topic-0])
2026-08-11 23:30:29.401 [org.springframework.kafka.KafkaListenerEndpointContainer#0-0-C-1] INFO  o.a.k.c.c.i.ConsumerRebalanceListenerInvoker - [Consumer clientId=consumer-messaging-idempotency-service-1, groupId=messaging-idempotency-service] Adding newly assigned partitions: orders-topic-0
2026-08-11 23:30:29.409 [org.springframework.kafka.KafkaListenerEndpointContainer#0-0-C-1] INFO  o.a.k.c.c.internals.ConsumerUtils - Setting offset for partition orders-topic-0 to the committed offset FetchPosition{offset=227, offsetEpoch=Optional.empty, currentLeader=LeaderAndEpoch{leader=Optional[localhost:9092 (id: 1 rack: null)], epoch=0}}
2026-08-11 23:30:29.411 [org.springframework.kafka.KafkaListenerEndpointContainer#0-0-C-1] INFO  o.s.k.l.KafkaMessageListenerContainer - messaging-idempotency-service: partitions assigned: [orders-topic-0]
2026-08-11 23:30:29.444 [org.springframework.kafka.KafkaListenerEndpointContainer#0-0-C-1] INFO  c.m.m.service.OrderConsumerService - Mensagem recebida: idempotencyKey=[cache-consistency-e7fc2421-de79-411d-a36e-62d22787255f]
2026-08-11 23:30:29.448 [org.springframework.kafka.KafkaListenerEndpointContainer#0-0-C-1] DEBUG org.hibernate.SQL - 
    select
        o1_0.id 
    from
        orders o1_0 
    where
        o1_0.idempotency_key=? 
    fetch
        first ? rows only
Hibernate: 
    select
        o1_0.id 
    from
        orders o1_0 
    where
        o1_0.idempotency_key=? 
    fetch
        first ? rows only
2026-08-11 23:30:29.498 [awaitility-thread] DEBUG org.hibernate.SQL - 
    select
        o1_0.id,
        o1_0.created_at,
        o1_0.customer_id,
        o1_0.idempotency_key,
        o1_0.product_sku,
        o1_0.quantity,
        o1_0.status,
        o1_0.unit_price 
    from
        orders o1_0 
    where
        o1_0.idempotency_key=?
Hibernate: 
    select
        o1_0.id,
        o1_0.created_at,
        o1_0.customer_id,
        o1_0.idempotency_key,
        o1_0.product_sku,
        o1_0.quantity,
        o1_0.status,
        o1_0.unit_price 
    from
        orders o1_0 
    where
        o1_0.idempotency_key=?
2026-08-11 23:30:29.747 [awaitility-thread] DEBUG org.hibernate.SQL - 
    select
        o1_0.id,
        o1_0.created_at,
        o1_0.customer_id,
        o1_0.idempotency_key,
        o1_0.product_sku,
        o1_0.quantity,
        o1_0.status,
        o1_0.unit_price 
    from
        orders o1_0 
    where
        o1_0.idempotency_key=?
Hibernate: 
    select
        o1_0.id,
        o1_0.created_at,
        o1_0.customer_id,
        o1_0.idempotency_key,
        o1_0.product_sku,
        o1_0.quantity,
        o1_0.status,
        o1_0.unit_price 
    from
        orders o1_0 
    where
        o1_0.idempotency_key=?
2026-08-11 23:30:29.964 [awaitility-thread] DEBUG org.hibernate.SQL - 
    select
        o1_0.id,
        o1_0.created_at,
        o1_0.customer_id,
        o1_0.idempotency_key,
        o1_0.product_sku,
        o1_0.quantity,
        o1_0.status,
        o1_0.unit_price 
    from
        orders o1_0 
    where
        o1_0.idempotency_key=?
Hibernate: 
    select
        o1_0.id,
        o1_0.created_at,
        o1_0.customer_id,
        o1_0.idempotency_key,
        o1_0.product_sku,
        o1_0.quantity,
        o1_0.status,
        o1_0.unit_price 
    from
        orders o1_0 
    where
        o1_0.idempotency_key=?
2026-08-11 23:30:30.006 [org.springframework.kafka.KafkaListenerEndpointContainer#0-0-C-1] DEBUG c.m.m.service.OrderCacheService - Cache atualizado para a chave [order:idempotency:cache-consistency-e7fc2421-de79-411d-a36e-62d22787255f]
2026-08-11 23:30:30.006 [org.springframework.kafka.KafkaListenerEndpointContainer#0-0-C-1] INFO  com.moises.messaging.evidence - PERSISTED idempotencyKey=cache-consistency-e7fc2421-de79-411d-a36e-62d22787255f orderId=8ed812cd-671b-45a3-95d3-a5307e887f68 status=RECEIVED
2026-08-11 23:30:30.007 [org.springframework.kafka.KafkaListenerEndpointContainer#0-0-C-1] INFO  c.m.m.service.OrderConsumerService - Pedido processado com sucesso: id=[8ed812cd-671b-45a3-95d3-a5307e887f68], idempotencyKey=[cache-consistency-e7fc2421-de79-411d-a36e-62d22787255f]
2026-08-11 23:30:30.033 [org.springframework.kafka.KafkaListenerEndpointContainer#0-0-C-1] DEBUG org.hibernate.SQL - 
    insert 
    into
        orders
        (created_at, customer_id, idempotency_key, product_sku, quantity, status, unit_price, id) 
    values
        (?, ?, ?, ?, ?, ?, ?, ?)
Hibernate: 
    insert 
    into
        orders
        (created_at, customer_id, idempotency_key, product_sku, quantity, status, unit_price, id) 
    values
        (?, ?, ?, ?, ?, ?, ?, ?)
2026-08-11 23:30:30.185 [awaitility-thread] DEBUG org.hibernate.SQL - 
    select
        o1_0.id,
        o1_0.created_at,
        o1_0.customer_id,
        o1_0.idempotency_key,
        o1_0.product_sku,
        o1_0.quantity,
        o1_0.status,
        o1_0.unit_price 
    from
        orders o1_0 
    where
        o1_0.idempotency_key=?
Hibernate: 
    select
        o1_0.id,
        o1_0.created_at,
        o1_0.customer_id,
        o1_0.idempotency_key,
        o1_0.product_sku,
        o1_0.quantity,
        o1_0.status,
        o1_0.unit_price 
    from
        orders o1_0 
    where
        o1_0.idempotency_key=?
]]></system-out>
    <system-err><![CDATA[ago. 11, 2026 11:30:14 PM org.junit.platform.launcher.core.LauncherConfigurationParameters loadClasspathResource
ADVERTÊNCIA: Discovered 2 'junit-platform.properties' configuration files in the classpath; only the first will be used.
ago. 11, 2026 11:30:14 PM org.junit.platform.launcher.core.LauncherConfigurationParameters loadClasspathResource
ADVERTÊNCIA: Discovered 2 'junit-platform.properties' configuration files in the classpath; only the first will be used.
ago. 11, 2026 11:30:15 PM org.junit.platform.launcher.core.LauncherConfigurationParameters loadClasspathResource
ADVERTÊNCIA: Discovered 2 'junit-platform.properties' configuration files in the classpath; only the first will be used.
ago. 11, 2026 11:30:15 PM org.junit.platform.launcher.core.LauncherConfigurationParameters loadClasspathResource
ADVERTÊNCIA: Discovered 2 'junit-platform.properties' configuration files in the classpath; only the first will be used.
ago. 11, 2026 11:30:15 PM org.junit.platform.launcher.core.LauncherConfigurationParameters loadClasspathResource
ADVERTÊNCIA: Discovered 2 'junit-platform.properties' configuration files in the classpath; only the first will be used.
ago. 11, 2026 11:30:15 PM org.junit.platform.launcher.core.LauncherConfigurationParameters loadClasspathResource
ADVERTÊNCIA: Discovered 2 'junit-platform.properties' configuration files in the classpath; only the first will be used.
ago. 11, 2026 11:30:15 PM org.junit.platform.launcher.core.LauncherConfigurationParameters loadClasspathResource
ADVERTÊNCIA: Discovered 2 'junit-platform.properties' configuration files in the classpath; only the first will be used.
ago. 11, 2026 11:30:15 PM org.junit.platform.launcher.core.LauncherConfigurationParameters loadClasspathResource
ADVERTÊNCIA: Discovered 2 'junit-platform.properties' configuration files in the classpath; only the first will be used.
ago. 11, 2026 11:30:15 PM org.junit.platform.launcher.core.LauncherConfigurationParameters loadClasspathResource
ADVERTÊNCIA: Discovered 2 'junit-platform.properties' configuration files in the classpath; only the first will be used.
]]></system-err>
  </testcase>
</testsuite>