<?xml version="1.0" encoding="UTF-8"?>
<testsuite xmlns:xsi="http://www.w3.org/2001/XMLSchema-instance" xsi:noNamespaceSchemaLocation="https://maven.apache.org/surefire/maven-surefire-plugin/xsd/surefire-test-report-3.0.xsd" version="3.0" name="com.moises.messaging.scenarios.VolumeConsistencyTest" time="4.38" tests="1" errors="0" skipped="0" failures="0">
  <properties>
[...]
</properties>
  <testcase name="devePersistirTodasAsMensagensDeUmLoteSemPerda" classname="com.moises.messaging.scenarios.VolumeConsistencyTest" time="4.362">
    <system-out><![CDATA[2026-08-11 23:30:43.564 [main] INFO  o.s.t.c.s.AnnotationConfigContextLoaderUtils - Could not detect default configuration classes for test class [com.moises.messaging.scenarios.VolumeConsistencyTest]: VolumeConsistencyTest does not declare any static, non-private, non-final, nested classes annotated with @Configuration.
2026-08-11 23:30:43.569 [main] INFO  o.s.b.t.c.SpringBootTestContextBootstrapper - Found @SpringBootConfiguration com.moises.messaging.MessagingApplication for test class com.moises.messaging.scenarios.VolumeConsistencyTest
2026-08-11 23:30:43.583 [main] DEBUG org.hibernate.SQL - 
    select
        count(*) 
    from
        orders o1_0
Hibernate: 
    select
        count(*) 
    from
        orders o1_0
2026-08-11 23:30:43.592 [main] INFO  c.m.m.support.MessageTestHelper - Publicando lote de 200 pedidos de teste
2026-08-11 23:30:43.593 [main] INFO  c.m.m.support.MessageTestHelper - Publicando pedido de teste: idempotencyKey=[volume-0-8ee7c97c-19c1-4bcf-8014-04117a595725]
2026-08-11 23:30:43.603 [http-nio-auto-1-exec-8] INFO  c.m.m.service.OrderProducerService - Publicando pedido no topico [orders-topic] com idempotencyKey=[volume-0-8ee7c97c-19c1-4bcf-8014-04117a595725]
2026-08-11 23:30:43.604 [http-nio-auto-1-exec-8] INFO  com.moises.messaging.evidence - PUBLISHED topic=orders-topic idempotencyKey=volume-0-8ee7c97c-19c1-4bcf-8014-04117a595725 payload=com.moises.messaging.dto.OrderRequest@6ea922fe
2026-08-11 23:30:43.607 [main] INFO  com.moises.messaging.evidence - TEST_PUBLISHED idempotencyKey=volume-0-8ee7c97c-19c1-4bcf-8014-04117a595725 payload=com.moises.messaging.dto.OrderRequest@d0da1d6
2026-08-11 23:30:43.607 [main] INFO  c.m.m.support.MessageTestHelper - Publicando pedido de teste: idempotencyKey=[volume-1-edeac87d-b079-45f9-8317-3582e54ab5a6]
2026-08-11 23:30:43.611 [org.springframework.kafka.KafkaListenerEndpointContainer#0-0-C-1] INFO  c.m.m.service.OrderConsumerService - Mensagem recebida: idempotencyKey=[volume-0-8ee7c97c-19c1-4bcf-8014-04117a595725]
2026-08-11 23:30:43.612 [org.springframework.kafka.KafkaListenerEndpointContainer#0-0-C-1] DEBUG org.hibernate.SQL - 
    select
        o1_0.id 
    from
        orders o1_0 
    where
        o1_0.idempotency_key=? 
    fetch
        first ? rows only
Hibernate: 
    select
        o1_0.id 
    from
        orders o1_0 
    where
        o1_0.idempotency_key=? 
    fetch
        first ? rows only
2026-08-11 23:30:43.616 [http-nio-auto-1-exec-9] INFO  c.m.m.service.OrderProducerService - Publicando pedido no topico [orders-topic] com idempotencyKey=[volume-1-edeac87d-b079-45f9-8317-3582e54ab5a6]
2026-08-11 23:30:43.616 [http-nio-auto-1-exec-9] INFO  com.moises.messaging.evidence - PUBLISHED topic=orders-topic idempotencyKey=volume-1-edeac87d-b079-45f9-8317-3582e54ab5a6 payload=com.moises.messaging.dto.OrderRequest@3f95f227
2026-08-11 23:30:43.619 [org.springframework.kafka.KafkaListenerEndpointContainer#0-0-C-1] DEBUG c.m.m.service.OrderCacheService - Cache atualizado para a chave [order:idempotency:volume-0-8ee7c97c-19c1-4bcf-8014-04117a595725]
2026-08-11 23:30:43.619 [org.springframework.kafka.KafkaListenerEndpointContainer#0-0-C-1] INFO  com.moises.messaging.evidence - PERSISTED idempotencyKey=volume-0-8ee7c97c-19c1-4bcf-8014-04117a595725 orderId=4e8cfee9-9eeb-4164-a1c0-e9c8db7248ad status=RECEIVED
2026-08-11 23:30:43.619 [org.springframework.kafka.KafkaListenerEndpointContainer#0-0-C-1] INFO  c.m.m.service.OrderConsumerService - Pedido processado com sucesso: id=[4e8cfee9-9eeb-4164-a1c0-e9c8db7248ad], idempotencyKey=[volume-0-8ee7c97c-19c1-4bcf-8014-04117a595725]
2026-08-11 23:30:43.620 [org.springframework.kafka.KafkaListenerEndpointContainer#0-0-C-1] DEBUG org.hibernate.SQL - 
    insert 
    into
        orders
        (created_at, customer_id, idempotency_key, product_sku, quantity, status, unit_price, id) 
    values
        (?, ?, ?, ?, ?, ?, ?, ?)
Hibernate: 
    insert 
    into
        orders
        (created_at, customer_id, idempotency_key, product_sku, quantity, status, unit_price, id) 
    values
        (?, ?, ?, ?, ?, ?, ?, ?)
2026-08-11 23:30:43.621 [main] INFO  com.moises.messaging.evidence - TEST_PUBLISHED idempotencyKey=volume-1-edeac87d-b079-45f9-8317-3582e54ab5a6 payload=com.moises.messaging.dto.OrderRequest@7033c58a
2026-08-11 23:30:43.622 [main] INFO  c.m.m.support.MessageTestHelper - Publicando pedido de teste: idempotencyKey=[volume-2-2a412bc1-59a9-4f95-aa23-7f70250060a6]
2026-08-11 23:30:43.635 [org.springframework.kafka.KafkaListenerEndpointContainer#0-0-C-1] INFO  c.m.m.service.OrderConsumerService - Mensagem recebida: idempotencyKey=[volume-1-edeac87d-b079-45f9-8317-3582e54ab5a6]
2026-08-11 23:30:43.638 [org.springframework.kafka.KafkaListenerEndpointContainer#0-0-C-1] DEBUG org.hibernate.SQL - 
    select
        o1_0.id 
    from
        orders o1_0 
    where
        o1_0.idempotency_key=? 
    fetch
        first ? rows only
Hibernate: 
    select
        o1_0.id 
    from
        orders o1_0 
    where
        o1_0.idempotency_key=? 
    fetch
        first ? rows only
2026-08-11 23:30:43.638 [http-nio-auto-1-exec-10] INFO  c.m.m.service.OrderProducerService - Publicando pedido no topico [orders-topic] com idempotencyKey=[volume-2-2a412bc1-59a9-4f95-aa23-7f70250060a6]
2026-08-11 23:30:43.640 [http-nio-auto-1-exec-10] INFO  com.moises.messaging.evidence - PUBLISHED topic=orders-topic idempotencyKey=volume-2-2a412bc1-59a9-4f95-aa23-7f70250060a6 payload=com.moises.messaging.dto.OrderRequest@55e3cc53
2026-08-11 23:30:43.644 [main] INFO  com.moises.messaging.evidence - TEST_PUBLISHED idempotencyKey=volume-2-2a412bc1-59a9-4f95-aa23-7f70250060a6 payload=com.moises.messaging.dto.OrderRequest@65a03e98
2026-08-11 23:30:43.644 [main] INFO  c.m.m.support.MessageTestHelper - Publicando pedido de teste: idempotencyKey=[volume-3-e48cf980-ef65-47d0-92ff-78146c6edea7]
2026-08-11 23:30:43.650 [org.springframework.kafka.KafkaListenerEndpointContainer#0-0-C-1] DEBUG c.m.m.service.OrderCacheService - Cache atualizado para a chave [order:idempotency:volume-1-edeac87d-b079-45f9-8317-3582e54ab5a6]
2026-08-11 23:30:43.650 [org.springframework.kafka.KafkaListenerEndpointContainer#0-0-C-1] INFO  com.moises.messaging.evidence - PERSISTED idempotencyKey=volume-1-edeac87d-b079-45f9-8317-3582e54ab5a6 orderId=9e24e063-9662-4f24-9e57-781fe529bd63 status=RECEIVED
2026-08-11 23:30:43.650 [org.springframework.kafka.KafkaListenerEndpointContainer#0-0-C-1] INFO  c.m.m.service.OrderConsumerService - Pedido processado com sucesso: id=[9e24e063-9662-4f24-9e57-781fe529bd63], idempotencyKey=[volume-1-edeac87d-b079-45f9-8317-3582e54ab5a6]
2026-08-11 23:30:43.651 [org.springframework.kafka.KafkaListenerEndpointContainer#0-0-C-1] DEBUG org.hibernate.SQL - 
    insert 
    into
        orders
        (created_at, customer_id, idempotency_key, product_sku, quantity, status, unit_price, id) 
    values
        (?, ?, ?, ?, ?, ?, ?, ?)
Hibernate: 
    insert 
    into
        orders
        (created_at, customer_id, idempotency_key, product_sku, quantity, status, unit_price, id) 
    values
        (?, ?, ?, ?, ?, ?, ?, ?)
2026-08-11 23:30:43.663 [org.springframework.kafka.KafkaListenerEndpointContainer#0-0-C-1] INFO  c.m.m.service.OrderConsumerService - Mensagem recebida: idempotencyKey=[volume-2-2a412bc1-59a9-4f95-aa23-7f70250060a6]
2026-08-11 23:30:43.666 [org.springframework.kafka.KafkaListenerEndpointContainer#0-0-C-1] DEBUG org.hibernate.SQL - 
    select
        o1_0.id 
    from
        orders o1_0 
    where
        o1_0.idempotency_key=? 
    fetch
        first ? rows only
Hibernate: 
    select
        o1_0.id 
    from
        orders o1_0 
    where
        o1_0.idempotency_key=? 
    fetch
        first ? rows only
2026-08-11 23:30:43.666 [http-nio-auto-1-exec-1] INFO  c.m.m.service.OrderProducerService - Publicando pedido no topico [orders-topic] com idempotencyKey=[volume-3-e48cf980-ef65-47d0-92ff-78146c6edea7]
2026-08-11 23:30:43.666 [http-nio-auto-1-exec-1] INFO  com.moises.messaging.evidence - PUBLISHED topic=orders-topic idempotencyKey=volume-3-e48cf980-ef65-47d0-92ff-78146c6edea7 payload=com.moises.messaging.dto.OrderRequest@274c598e
2026-08-11 23:30:43.670 [main] INFO  com.moises.messaging.evidence - TEST_PUBLISHED idempotencyKey=volume-3-e48cf980-ef65-47d0-92ff-78146c6edea7 payload=com.moises.messaging.dto.OrderRequest@25a8ff84
2026-08-11 23:30:43.670 [main] INFO  c.m.m.support.MessageTestHelper - Publicando pedido de teste: idempotencyKey=[volume-4-53234581-9a5e-413c-82d2-1412f368b7d5]
2026-08-11 23:30:43.676 [org.springframework.kafka.KafkaListenerEndpointContainer#0-0-C-1] DEBUG c.m.m.service.OrderCacheService - Cache atualizado para a chave [order:idempotency:volume-2-2a412bc1-59a9-4f95-aa23-7f70250060a6]
2026-08-11 23:30:43.676 [org.springframework.kafka.KafkaListenerEndpointContainer#0-0-C-1] INFO  com.moises.messaging.evidence - PERSISTED idempotencyKey=volume-2-2a412bc1-59a9-4f95-aa23-7f70250060a6 orderId=dca3e94a-b522-4de9-a39b-4f014e35819c status=RECEIVED
2026-08-11 23:30:43.677 [org.springframework.kafka.KafkaListenerEndpointContainer#0-0-C-1] INFO  c.m.m.service.OrderConsumerService - Pedido processado com sucesso: id=[dca3e94a-b522-4de9-a39b-4f014e35819c], idempotencyKey=[volume-2-2a412bc1-59a9-4f95-aa23-7f70250060a6]
2026-08-11 23:30:43.678 [org.springframework.kafka.KafkaListenerEndpointContainer#0-0-C-1] DEBUG org.hibernate.SQL - 
    insert 
    into
        orders
        (created_at, customer_id, idempotency_key, product_sku, quantity, status, unit_price, id) 
    values
        (?, ?, ?, ?, ?, ?, ?, ?)
Hibernate: 
    insert 
    into
        orders
        (created_at, customer_id, idempotency_key, product_sku, quantity, status, unit_price, id) 
    values
        (?, ?, ?, ?, ?, ?, ?, ?)
2026-08-11 23:30:43.685 [http-nio-auto-1-exec-2] INFO  c.m.m.service.OrderProducerService - Publicando pedido no topico [orders-topic] com idempotencyKey=[volume-4-53234581-9a5e-413c-82d2-1412f368b7d5]
2026-08-11 23:30:43.686 [http-nio-auto-1-exec-2] INFO  com.moises.messaging.evidence - PUBLISHED topic=orders-topic idempotencyKey=volume-4-53234581-9a5e-413c-82d2-1412f368b7d5 payload=com.moises.messaging.dto.OrderRequest@13383e3
2026-08-11 23:30:43.688 [main] INFO  com.moises.messaging.evidence - TEST_PUBLISHED idempotencyKey=volume-4-53234581-9a5e-413c-82d2-1412f368b7d5 payload=com.moises.messaging.dto.OrderRequest@454be9f6
2026-08-11 23:30:43.689 [main] INFO  c.m.m.support.MessageTestHelper - Publicando pedido de teste: idempotencyKey=[volume-5-2296ce8e-3ccf-4df6-ae34-22b58bb43d30]
2026-08-11 23:30:43.696 [org.springframework.kafka.KafkaListenerEndpointContainer#0-0-C-1] INFO  c.m.m.service.OrderConsumerService - Mensagem recebida: idempotencyKey=[volume-3-e48cf980-ef65-47d0-92ff-78146c6edea7]
2026-08-11 23:30:43.697 [org.springframework.kafka.KafkaListenerEndpointContainer#0-0-C-1] DEBUG org.hibernate.SQL - 
    select
        o1_0.id 
    from
        orders o1_0 
    where
        o1_0.idempotency_key=? 
    fetch
        first ? rows only
Hibernate: 
    select
        o1_0.id 
    from
        orders o1_0 
    where
        o1_0.idempotency_key=? 
    fetch
        first ? rows only
2026-08-11 23:30:43.704 [org.springframework.kafka.KafkaListenerEndpointContainer#0-0-C-1] DEBUG c.m.m.service.OrderCacheService - Cache atualizado para a chave [order:idempotency:volume-3-e48cf980-ef65-47d0-92ff-78146c6edea7]
2026-08-11 23:30:43.704 [org.springframework.kafka.KafkaListenerEndpointContainer#0-0-C-1] INFO  com.moises.messaging.evidence - PERSISTED idempotencyKey=volume-3-e48cf980-ef65-47d0-92ff-78146c6edea7 orderId=81669a66-b1a2-48d0-8562-0d77fd0cef28 status=RECEIVED
2026-08-11 23:30:43.704 [org.springframework.kafka.KafkaListenerEndpointContainer#0-0-C-1] INFO  c.m.m.service.OrderConsumerService - Pedido processado com sucesso: id=[81669a66-b1a2-48d0-8562-0d77fd0cef28], idempotencyKey=[volume-3-e48cf980-ef65-47d0-92ff-78146c6edea7]
2026-08-11 23:30:43.705 [org.springframework.kafka.KafkaListenerEndpointContainer#0-0-C-1] DEBUG org.hibernate.SQL - 
    insert 
    into
        orders
        (created_at, customer_id, idempotency_key, product_sku, quantity, status, unit_price, id) 
    values
        (?, ?, ?, ?, ?, ?, ?, ?)
Hibernate: 
    insert 
    into
        orders
        (created_at, customer_id, idempotency_key, product_sku, quantity, status, unit_price, id) 
    values
        (?, ?, ?, ?, ?, ?, ?, ?)
2026-08-11 23:30:43.707 [http-nio-auto-1-exec-3] INFO  c.m.m.service.OrderProducerService - Publicando pedido no topico [orders-topic] com idempotencyKey=[volume-5-2296ce8e-3ccf-4df6-ae34-22b58bb43d30]
2026-08-11 23:30:43.708 [http-nio-auto-1-exec-3] INFO  com.moises.messaging.evidence - PUBLISHED topic=orders-topic idempotencyKey=volume-5-2296ce8e-3ccf-4df6-ae34-22b58bb43d30 payload=com.moises.messaging.dto.OrderRequest@43b452a2
2026-08-11 23:30:43.711 [main] INFO  com.moises.messaging.evidence - TEST_PUBLISHED idempotencyKey=volume-5-2296ce8e-3ccf-4df6-ae34-22b58bb43d30 payload=com.moises.messaging.dto.OrderRequest@2bba7b40
2026-08-11 23:30:43.712 [main] INFO  c.m.m.support.MessageTestHelper - Publicando pedido de teste: idempotencyKey=[volume-6-99a39317-c98f-46ab-9042-df29576e0924]
2026-08-11 23:30:43.718 [org.springframework.kafka.KafkaListenerEndpointContainer#0-0-C-1] INFO  c.m.m.service.OrderConsumerService - Mensagem recebida: idempotencyKey=[volume-4-53234581-9a5e-413c-82d2-1412f368b7d5]
2026-08-11 23:30:43.719 [org.springframework.kafka.KafkaListenerEndpointContainer#0-0-C-1] DEBUG org.hibernate.SQL - 
    select
        o1_0.id 
    from
        orders o1_0 
    where
        o1_0.idempotency_key=? 
    fetch
        first ? rows only
Hibernate: 
    select
        o1_0.id 
    from
        orders o1_0 
    where
        o1_0.idempotency_key=? 
    fetch
        first ? rows only
2026-08-11 23:30:43.722 [http-nio-auto-1-exec-4] INFO  c.m.m.service.OrderProducerService - Publicando pedido no topico [orders-topic] com idempotencyKey=[volume-6-99a39317-c98f-46ab-9042-df29576e0924]
2026-08-11 23:30:43.723 [http-nio-auto-1-exec-4] INFO  com.moises.messaging.evidence - PUBLISHED topic=orders-topic idempotencyKey=volume-6-99a39317-c98f-46ab-9042-df29576e0924 payload=com.moises.messaging.dto.OrderRequest@5986517
2026-08-11 23:30:43.724 [org.springframework.kafka.KafkaListenerEndpointContainer#0-0-C-1] DEBUG c.m.m.service.OrderCacheService - Cache atualizado para a chave [order:idempotency:volume-4-53234581-9a5e-413c-82d2-1412f368b7d5]
2026-08-11 23:30:43.724 [org.springframework.kafka.KafkaListenerEndpointContainer#0-0-C-1] INFO  com.moises.messaging.evidence - PERSISTED idempotencyKey=volume-4-53234581-9a5e-413c-82d2-1412f368b7d5 orderId=a8d0f6a4-036f-45fd-b053-90afc2e17fa8 status=RECEIVED
2026-08-11 23:30:43.724 [org.springframework.kafka.KafkaListenerEndpointContainer#0-0-C-1] INFO  c.m.m.service.OrderConsumerService - Pedido processado com sucesso: id=[a8d0f6a4-036f-45fd-b053-90afc2e17fa8], idempotencyKey=[volume-4-53234581-9a5e-413c-82d2-1412f368b7d5]
2026-08-11 23:30:43.725 [main] INFO  com.moises.messaging.evidence - TEST_PUBLISHED idempotencyKey=volume-6-99a39317-c98f-46ab-9042-df29576e0924 payload=com.moises.messaging.dto.OrderRequest@4f8ad451
2026-08-11 23:30:43.725 [org.springframework.kafka.KafkaListenerEndpointContainer#0-0-C-1] DEBUG org.hibernate.SQL - 
    insert 
    into
        orders
        (created_at, customer_id, idempotency_key, product_sku, quantity, status, unit_price, id) 
    values
        (?, ?, ?, ?, ?, ?, ?, ?)
Hibernate: 
    insert 
    into
        orders
        (created_at, customer_id, idempotency_key, product_sku, quantity, status, unit_price, id) 
    values
        (?, ?, ?, ?, ?, ?, ?, ?)
2026-08-11 23:30:43.725 [main] INFO  c.m.m.support.MessageTestHelper - Publicando pedido de teste: idempotencyKey=[volume-7-4aaab1c8-d3c3-477d-a400-f3b798544d86]
2026-08-11 23:30:43.729 [org.springframework.kafka.KafkaListenerEndpointContainer#0-0-C-1] INFO  c.m.m.service.OrderConsumerService - Mensagem recebida: idempotencyKey=[volume-5-2296ce8e-3ccf-4df6-ae34-22b58bb43d30]
2026-08-11 23:30:43.731 [org.springframework.kafka.KafkaListenerEndpointContainer#0-0-C-1] DEBUG org.hibernate.SQL - 
    select
        o1_0.id 
    from
        orders o1_0 
    where
        o1_0.idempotency_key=? 
    fetch
        first ? rows only
Hibernate: 
    select
        o1_0.id 
    from
        orders o1_0 
    where
        o1_0.idempotency_key=? 
    fetch
        first ? rows only
2026-08-11 23:30:43.742 [org.springframework.kafka.KafkaListenerEndpointContainer#0-0-C-1] DEBUG c.m.m.service.OrderCacheService - Cache atualizado para a chave [order:idempotency:volume-5-2296ce8e-3ccf-4df6-ae34-22b58bb43d30]
2026-08-11 23:30:43.742 [org.springframework.kafka.KafkaListenerEndpointContainer#0-0-C-1] INFO  com.moises.messaging.evidence - PERSISTED idempotencyKey=volume-5-2296ce8e-3ccf-4df6-ae34-22b58bb43d30 orderId=cca7b1b0-9cd4-4413-b020-20a9ca8ba4bf status=RECEIVED
2026-08-11 23:30:43.742 [org.springframework.kafka.KafkaListenerEndpointContainer#0-0-C-1] INFO  c.m.m.service.OrderConsumerService - Pedido processado com sucesso: id=[cca7b1b0-9cd4-4413-b020-20a9ca8ba4bf], idempotencyKey=[volume-5-2296ce8e-3ccf-4df6-ae34-22b58bb43d30]
2026-08-11 23:30:43.743 [org.springframework.kafka.KafkaListenerEndpointContainer#0-0-C-1] DEBUG org.hibernate.SQL - 
    insert 
    into
        orders
        (created_at, customer_id, idempotency_key, product_sku, quantity, status, unit_price, id) 
    values
        (?, ?, ?, ?, ?, ?, ?, ?)
Hibernate: 
    insert 
    into
        orders
        (created_at, customer_id, idempotency_key, product_sku, quantity, status, unit_price, id) 
    values
        (?, ?, ?, ?, ?, ?, ?, ?)
2026-08-11 23:30:43.743 [http-nio-auto-1-exec-5] INFO  c.m.m.service.OrderProducerService - Publicando pedido no topico [orders-topic] com idempotencyKey=[volume-7-4aaab1c8-d3c3-477d-a400-f3b798544d86]
2026-08-11 23:30:43.744 [http-nio-auto-1-exec-5] INFO  com.moises.messaging.evidence - PUBLISHED topic=orders-topic idempotencyKey=volume-7-4aaab1c8-d3c3-477d-a400-f3b798544d86 payload=com.moises.messaging.dto.OrderRequest@122bd52f
2026-08-11 23:30:43.747 [main] INFO  com.moises.messaging.evidence - TEST_PUBLISHED idempotencyKey=volume-7-4aaab1c8-d3c3-477d-a400-f3b798544d86 payload=com.moises.messaging.dto.OrderRequest@2dbc56fb
2026-08-11 23:30:43.747 [main] INFO  c.m.m.support.MessageTestHelper - Publicando pedido de teste: idempotencyKey=[volume-8-b5ff43bf-7d50-44b3-8b48-b30939bd463a]
2026-08-11 23:30:43.754 [http-nio-auto-1-exec-6] INFO  c.m.m.service.OrderProducerService - Publicando pedido no topico [orders-topic] com idempotencyKey=[volume-8-b5ff43bf-7d50-44b3-8b48-b30939bd463a]
2026-08-11 23:30:43.755 [http-nio-auto-1-exec-6] INFO  com.moises.messaging.evidence - PUBLISHED topic=orders-topic idempotencyKey=volume-8-b5ff43bf-7d50-44b3-8b48-b30939bd463a payload=com.moises.messaging.dto.OrderRequest@29612678
2026-08-11 23:30:43.759 [main] INFO  com.moises.messaging.evidence - TEST_PUBLISHED idempotencyKey=volume-8-b5ff43bf-7d50-44b3-8b48-b30939bd463a payload=com.moises.messaging.dto.OrderRequest@568b7ec6
2026-08-11 23:30:43.759 [main] INFO  c.m.m.support.MessageTestHelper - Publicando pedido de teste: idempotencyKey=[volume-9-ca6d1f6d-53ba-40a5-b064-591c053a281f]
2026-08-11 23:30:43.764 [org.springframework.kafka.KafkaListenerEndpointContainer#0-0-C-1] INFO  c.m.m.service.OrderConsumerService - Mensagem recebida: idempotencyKey=[volume-6-99a39317-c98f-46ab-9042-df29576e0924]
2026-08-11 23:30:43.766 [org.springframework.kafka.KafkaListenerEndpointContainer#0-0-C-1] DEBUG org.hibernate.SQL - 
    select
        o1_0.id 
    from
        orders o1_0 
    where
        o1_0.idempotency_key=? 
    fetch
        first ? rows only
Hibernate: 
    select
        o1_0.id 
    from
        orders o1_0 
    where
        o1_0.idempotency_key=? 
    fetch
        first ? rows only
2026-08-11 23:30:43.772 [http-nio-auto-1-exec-7] INFO  c.m.m.service.OrderProducerService - Publicando pedido no topico [orders-topic] com idempotencyKey=[volume-9-ca6d1f6d-53ba-40a5-b064-591c053a281f]
2026-08-11 23:30:43.773 [http-nio-auto-1-exec-7] INFO  com.moises.messaging.evidence - PUBLISHED topic=orders-topic idempotencyKey=volume-9-ca6d1f6d-53ba-40a5-b064-591c053a281f payload=com.moises.messaging.dto.OrderRequest@46a441b0
2026-08-11 23:30:43.775 [main] INFO  com.moises.messaging.evidence - TEST_PUBLISHED idempotencyKey=volume-9-ca6d1f6d-53ba-40a5-b064-591c053a281f payload=com.moises.messaging.dto.OrderRequest@194ff162
2026-08-11 23:30:43.775 [main] INFO  c.m.m.support.MessageTestHelper - Publicando pedido de teste: idempotencyKey=[volume-10-2b0af977-dad5-4d10-9034-f2826ea32d83]
2026-08-11 23:30:43.785 [http-nio-auto-1-exec-8] INFO  c.m.m.service.OrderProducerService - Publicando pedido no topico [orders-topic] com idempotencyKey=[volume-10-2b0af977-dad5-4d10-9034-f2826ea32d83]
2026-08-11 23:30:43.785 [http-nio-auto-1-exec-8] INFO  com.moises.messaging.evidence - PUBLISHED topic=orders-topic idempotencyKey=volume-10-2b0af977-dad5-4d10-9034-f2826ea32d83 payload=com.moises.messaging.dto.OrderRequest@77e7bafb
2026-08-11 23:30:43.788 [main] INFO  com.moises.messaging.evidence - TEST_PUBLISHED idempotencyKey=volume-10-2b0af977-dad5-4d10-9034-f2826ea32d83 payload=com.moises.messaging.dto.OrderRequest@3ebda1be
2026-08-11 23:30:43.788 [main] INFO  c.m.m.support.MessageTestHelper - Publicando pedido de teste: idempotencyKey=[volume-11-fe299796-6a7b-4ff2-a49c-5296dacdcb28]
2026-08-11 23:30:43.792 [org.springframework.kafka.KafkaListenerEndpointContainer#0-0-C-1] DEBUG c.m.m.service.OrderCacheService - Cache atualizado para a chave [order:idempotency:volume-6-99a39317-c98f-46ab-9042-df29576e0924]
2026-08-11 23:30:43.792 [org.springframework.kafka.KafkaListenerEndpointContainer#0-0-C-1] INFO  com.moises.messaging.evidence - PERSISTED idempotencyKey=volume-6-99a39317-c98f-46ab-9042-df29576e0924 orderId=731fc75b-3530-41ad-aeb7-0de8d35783ec status=RECEIVED
2026-08-11 23:30:43.792 [org.springframework.kafka.KafkaListenerEndpointContainer#0-0-C-1] INFO  c.m.m.service.OrderConsumerService - Pedido processado com sucesso: id=[731fc75b-3530-41ad-aeb7-0de8d35783ec], idempotencyKey=[volume-6-99a39317-c98f-46ab-9042-df29576e0924]
2026-08-11 23:30:43.793 [org.springframework.kafka.KafkaListenerEndpointContainer#0-0-C-1] DEBUG org.hibernate.SQL - 
    insert 
    into
        orders
        (created_at, customer_id, idempotency_key, product_sku, quantity, status, unit_price, id) 
    values
        (?, ?, ?, ?, ?, ?, ?, ?)
Hibernate: 
    insert 
    into
        orders
        (created_at, customer_id, idempotency_key, product_sku, quantity, status, unit_price, id) 
    values
        (?, ?, ?, ?, ?, ?, ?, ?)
2026-08-11 23:30:43.801 [http-nio-auto-1-exec-9] INFO  c.m.m.service.OrderProducerService - Publicando pedido no topico [orders-topic] com idempotencyKey=[volume-11-fe299796-6a7b-4ff2-a49c-5296dacdcb28]
2026-08-11 23:30:43.802 [http-nio-auto-1-exec-9] INFO  com.moises.messaging.evidence - PUBLISHED topic=orders-topic idempotencyKey=volume-11-fe299796-6a7b-4ff2-a49c-5296dacdcb28 payload=com.moises.messaging.dto.OrderRequest@7ea8f81c
2026-08-11 23:30:43.804 [main] INFO  com.moises.messaging.evidence - TEST_PUBLISHED idempotencyKey=volume-11-fe299796-6a7b-4ff2-a49c-5296dacdcb28 payload=com.moises.messaging.dto.OrderRequest@2181e6b6
2026-08-11 23:30:43.805 [main] INFO  c.m.m.support.MessageTestHelper - Publicando pedido de teste: idempotencyKey=[volume-12-d7b24706-220f-4c55-9efb-d2e1c5e52810]
2026-08-11 23:30:43.816 [http-nio-auto-1-exec-10] INFO  c.m.m.service.OrderProducerService - Publicando pedido no topico [orders-topic] com idempotencyKey=[volume-12-d7b24706-220f-4c55-9efb-d2e1c5e52810]
2026-08-11 23:30:43.818 [http-nio-auto-1-exec-10] INFO  com.moises.messaging.evidence - PUBLISHED topic=orders-topic idempotencyKey=volume-12-d7b24706-220f-4c55-9efb-d2e1c5e52810 payload=com.moises.messaging.dto.OrderRequest@14dec668
2026-08-11 23:30:43.820 [main] INFO  com.moises.messaging.evidence - TEST_PUBLISHED idempotencyKey=volume-12-d7b24706-220f-4c55-9efb-d2e1c5e52810 payload=com.moises.messaging.dto.OrderRequest@2cf1c10e
2026-08-11 23:30:43.820 [main] INFO  c.m.m.support.MessageTestHelper - Publicando pedido de teste: idempotencyKey=[volume-13-11d7a75f-b76a-4d31-be00-5eb663d45818]
2026-08-11 23:30:43.828 [org.springframework.kafka.KafkaListenerEndpointContainer#0-0-C-1] INFO  c.m.m.service.OrderConsumerService - Mensagem recebida: idempotencyKey=[volume-7-4aaab1c8-d3c3-477d-a400-f3b798544d86]
2026-08-11 23:30:43.829 [http-nio-auto-1-exec-1] INFO  c.m.m.service.OrderProducerService - Publicando pedido no topico [orders-topic] com idempotencyKey=[volume-13-11d7a75f-b76a-4d31-be00-5eb663d45818]
2026-08-11 23:30:43.830 [http-nio-auto-1-exec-1] INFO  com.moises.messaging.evidence - PUBLISHED topic=orders-topic idempotencyKey=volume-13-11d7a75f-b76a-4d31-be00-5eb663d45818 payload=com.moises.messaging.dto.OrderRequest@8475289
2026-08-11 23:30:43.830 [org.springframework.kafka.KafkaListenerEndpointContainer#0-0-C-1] DEBUG org.hibernate.SQL - 
    select
        o1_0.id 
    from
        orders o1_0 
    where
        o1_0.idempotency_key=? 
    fetch
        first ? rows only
Hibernate: 
    select
        o1_0.id 
    from
        orders o1_0 
    where
        o1_0.idempotency_key=? 
    fetch
        first ? rows only
2026-08-11 23:30:43.834 [main] INFO  com.moises.messaging.evidence - TEST_PUBLISHED idempotencyKey=volume-13-11d7a75f-b76a-4d31-be00-5eb663d45818 payload=com.moises.messaging.dto.OrderRequest@4ad3f113
2026-08-11 23:30:43.834 [main] INFO  c.m.m.support.MessageTestHelper - Publicando pedido de teste: idempotencyKey=[volume-14-0227027f-bee4-45b3-a4cf-39c907c4340b]
2026-08-11 23:30:43.837 [org.springframework.kafka.KafkaListenerEndpointContainer#0-0-C-1] DEBUG c.m.m.service.OrderCacheService - Cache atualizado para a chave [order:idempotency:volume-7-4aaab1c8-d3c3-477d-a400-f3b798544d86]
2026-08-11 23:30:43.837 [org.springframework.kafka.KafkaListenerEndpointContainer#0-0-C-1] INFO  com.moises.messaging.evidence - PERSISTED idempotencyKey=volume-7-4aaab1c8-d3c3-477d-a400-f3b798544d86 orderId=bddaa882-0c40-4ae9-9068-3364b664257b status=RECEIVED
2026-08-11 23:30:43.838 [org.springframework.kafka.KafkaListenerEndpointContainer#0-0-C-1] INFO  c.m.m.service.OrderConsumerService - Pedido processado com sucesso: id=[bddaa882-0c40-4ae9-9068-3364b664257b], idempotencyKey=[volume-7-4aaab1c8-d3c3-477d-a400-f3b798544d86]
2026-08-11 23:30:43.838 [org.springframework.kafka.KafkaListenerEndpointContainer#0-0-C-1] DEBUG org.hibernate.SQL - 
    insert 
    into
        orders
        (created_at, customer_id, idempotency_key, product_sku, quantity, status, unit_price, id) 
    values
        (?, ?, ?, ?, ?, ?, ?, ?)
Hibernate: 
    insert 
    into
        orders
        (created_at, customer_id, idempotency_key, product_sku, quantity, status, unit_price, id) 
    values
        (?, ?, ?, ?, ?, ?, ?, ?)
2026-08-11 23:30:43.842 [org.springframework.kafka.KafkaListenerEndpointContainer#0-0-C-1] INFO  c.m.m.service.OrderConsumerService - Mensagem recebida: idempotencyKey=[volume-8-b5ff43bf-7d50-44b3-8b48-b30939bd463a]
2026-08-11 23:30:43.844 [org.springframework.kafka.KafkaListenerEndpointContainer#0-0-C-1] DEBUG org.hibernate.SQL - 
    select
        o1_0.id 
    from
        orders o1_0 
    where
        o1_0.idempotency_key=? 
    fetch
        first ? rows only
Hibernate: 
    select
        o1_0.id 
    from
        orders o1_0 
    where
        o1_0.idempotency_key=? 
    fetch
        first ? rows only
2026-08-11 23:30:43.844 [http-nio-auto-1-exec-2] INFO  c.m.m.service.OrderProducerService - Publicando pedido no topico [orders-topic] com idempotencyKey=[volume-14-0227027f-bee4-45b3-a4cf-39c907c4340b]
2026-08-11 23:30:43.845 [http-nio-auto-1-exec-2] INFO  com.moises.messaging.evidence - PUBLISHED topic=orders-topic idempotencyKey=volume-14-0227027f-bee4-45b3-a4cf-39c907c4340b payload=com.moises.messaging.dto.OrderRequest@3078c642
2026-08-11 23:30:43.846 [main] INFO  com.moises.messaging.evidence - TEST_PUBLISHED idempotencyKey=volume-14-0227027f-bee4-45b3-a4cf-39c907c4340b payload=com.moises.messaging.dto.OrderRequest@19b019a6
2026-08-11 23:30:43.847 [main] INFO  c.m.m.support.MessageTestHelper - Publicando pedido de teste: idempotencyKey=[volume-15-24cba059-02da-4e01-ae5a-236e47398e1e]
2026-08-11 23:30:43.866 [http-nio-auto-1-exec-3] INFO  c.m.m.service.OrderProducerService - Publicando pedido no topico [orders-topic] com idempotencyKey=[volume-15-24cba059-02da-4e01-ae5a-236e47398e1e]
2026-08-11 23:30:43.867 [http-nio-auto-1-exec-3] INFO  com.moises.messaging.evidence - PUBLISHED topic=orders-topic idempotencyKey=volume-15-24cba059-02da-4e01-ae5a-236e47398e1e payload=com.moises.messaging.dto.OrderRequest@72bdd25d
2026-08-11 23:30:43.869 [main] INFO  com.moises.messaging.evidence - TEST_PUBLISHED idempotencyKey=volume-15-24cba059-02da-4e01-ae5a-236e47398e1e payload=com.moises.messaging.dto.OrderRequest@37aae870
2026-08-11 23:30:43.869 [main] INFO  c.m.m.support.MessageTestHelper - Publicando pedido de teste: idempotencyKey=[volume-16-4e54e5d6-3862-4626-9758-34d5843a69e9]
2026-08-11 23:30:43.872 [org.springframework.kafka.KafkaListenerEndpointContainer#0-0-C-1] DEBUG c.m.m.service.OrderCacheService - Cache atualizado para a chave [order:idempotency:volume-8-b5ff43bf-7d50-44b3-8b48-b30939bd463a]
2026-08-11 23:30:43.872 [org.springframework.kafka.KafkaListenerEndpointContainer#0-0-C-1] INFO  com.moises.messaging.evidence - PERSISTED idempotencyKey=volume-8-b5ff43bf-7d50-44b3-8b48-b30939bd463a orderId=32ad8a3b-eaa1-457e-87bb-d01ad4284e29 status=RECEIVED
2026-08-11 23:30:43.872 [org.springframework.kafka.KafkaListenerEndpointContainer#0-0-C-1] INFO  c.m.m.service.OrderConsumerService - Pedido processado com sucesso: id=[32ad8a3b-eaa1-457e-87bb-d01ad4284e29], idempotencyKey=[volume-8-b5ff43bf-7d50-44b3-8b48-b30939bd463a]
2026-08-11 23:30:43.873 [org.springframework.kafka.KafkaListenerEndpointContainer#0-0-C-1] DEBUG org.hibernate.SQL - 
    insert 
    into
        orders
        (created_at, customer_id, idempotency_key, product_sku, quantity, status, unit_price, id) 
    values
        (?, ?, ?, ?, ?, ?, ?, ?)
Hibernate: 
    insert 
    into
        orders
        (created_at, customer_id, idempotency_key, product_sku, quantity, status, unit_price, id) 
    values
        (?, ?, ?, ?, ?, ?, ?, ?)
2026-08-11 23:30:43.880 [http-nio-auto-1-exec-4] INFO  c.m.m.service.OrderProducerService - Publicando pedido no topico [orders-topic] com idempotencyKey=[volume-16-4e54e5d6-3862-4626-9758-34d5843a69e9]
2026-08-11 23:30:43.882 [http-nio-auto-1-exec-4] INFO  com.moises.messaging.evidence - PUBLISHED topic=orders-topic idempotencyKey=volume-16-4e54e5d6-3862-4626-9758-34d5843a69e9 payload=com.moises.messaging.dto.OrderRequest@34d787f3
2026-08-11 23:30:43.884 [main] INFO  com.moises.messaging.evidence - TEST_PUBLISHED idempotencyKey=volume-16-4e54e5d6-3862-4626-9758-34d5843a69e9 payload=com.moises.messaging.dto.OrderRequest@1571a63a
2026-08-11 23:30:43.884 [main] INFO  c.m.m.support.MessageTestHelper - Publicando pedido de teste: idempotencyKey=[volume-17-3b8c62d9-297c-42b7-a78f-14aa25bc5311]
2026-08-11 23:30:43.892 [http-nio-auto-1-exec-5] INFO  c.m.m.service.OrderProducerService - Publicando pedido no topico [orders-topic] com idempotencyKey=[volume-17-3b8c62d9-297c-42b7-a78f-14aa25bc5311]
2026-08-11 23:30:43.892 [http-nio-auto-1-exec-5] INFO  com.moises.messaging.evidence - PUBLISHED topic=orders-topic idempotencyKey=volume-17-3b8c62d9-297c-42b7-a78f-14aa25bc5311 payload=com.moises.messaging.dto.OrderRequest@23f303ca
2026-08-11 23:30:43.899 [main] INFO  com.moises.messaging.evidence - TEST_PUBLISHED idempotencyKey=volume-17-3b8c62d9-297c-42b7-a78f-14aa25bc5311 payload=com.moises.messaging.dto.OrderRequest@40ff96ee
2026-08-11 23:30:43.899 [main] INFO  c.m.m.support.MessageTestHelper - Publicando pedido de teste: idempotencyKey=[volume-18-f2b5a1f3-8303-494c-9c99-7a948a46f958]
2026-08-11 23:30:43.919 [org.springframework.kafka.KafkaListenerEndpointContainer#0-0-C-1] INFO  c.m.m.service.OrderConsumerService - Mensagem recebida: idempotencyKey=[volume-9-ca6d1f6d-53ba-40a5-b064-591c053a281f]
2026-08-11 23:30:43.920 [org.springframework.kafka.KafkaListenerEndpointContainer#0-0-C-1] DEBUG org.hibernate.SQL - 
    select
        o1_0.id 
    from
        orders o1_0 
    where
        o1_0.idempotency_key=? 
    fetch
        first ? rows only
Hibernate: 
    select
        o1_0.id 
    from
        orders o1_0 
    where
        o1_0.idempotency_key=? 
    fetch
        first ? rows only
2026-08-11 23:30:43.926 [http-nio-auto-1-exec-6] INFO  c.m.m.service.OrderProducerService - Publicando pedido no topico [orders-topic] com idempotencyKey=[volume-18-f2b5a1f3-8303-494c-9c99-7a948a46f958]
2026-08-11 23:30:43.929 [http-nio-auto-1-exec-6] INFO  com.moises.messaging.evidence - PUBLISHED topic=orders-topic idempotencyKey=volume-18-f2b5a1f3-8303-494c-9c99-7a948a46f958 payload=com.moises.messaging.dto.OrderRequest@4d0064d8
2026-08-11 23:30:43.941 [main] INFO  com.moises.messaging.evidence - TEST_PUBLISHED idempotencyKey=volume-18-f2b5a1f3-8303-494c-9c99-7a948a46f958 payload=com.moises.messaging.dto.OrderRequest@599bda7e
2026-08-11 23:30:43.941 [main] INFO  c.m.m.support.MessageTestHelper - Publicando pedido de teste: idempotencyKey=[volume-19-b3f4b7ee-1b77-496a-98cb-c3d663324c2c]
2026-08-11 23:30:43.952 [http-nio-auto-1-exec-7] INFO  c.m.m.service.OrderProducerService - Publicando pedido no topico [orders-topic] com idempotencyKey=[volume-19-b3f4b7ee-1b77-496a-98cb-c3d663324c2c]
2026-08-11 23:30:43.953 [http-nio-auto-1-exec-7] INFO  com.moises.messaging.evidence - PUBLISHED topic=orders-topic idempotencyKey=volume-19-b3f4b7ee-1b77-496a-98cb-c3d663324c2c payload=com.moises.messaging.dto.OrderRequest@37da9b52
2026-08-11 23:30:43.955 [main] INFO  com.moises.messaging.evidence - TEST_PUBLISHED idempotencyKey=volume-19-b3f4b7ee-1b77-496a-98cb-c3d663324c2c payload=com.moises.messaging.dto.OrderRequest@39124055
2026-08-11 23:30:43.955 [main] INFO  c.m.m.support.MessageTestHelper - Publicando pedido de teste: idempotencyKey=[volume-20-667dba9b-38a3-4657-ab51-8be172dd3cb4]
2026-08-11 23:30:43.967 [http-nio-auto-1-exec-8] INFO  c.m.m.service.OrderProducerService - Publicando pedido no topico [orders-topic] com idempotencyKey=[volume-20-667dba9b-38a3-4657-ab51-8be172dd3cb4]
2026-08-11 23:30:43.969 [http-nio-auto-1-exec-8] INFO  com.moises.messaging.evidence - PUBLISHED topic=orders-topic idempotencyKey=volume-20-667dba9b-38a3-4657-ab51-8be172dd3cb4 payload=com.moises.messaging.dto.OrderRequest@7b5303dd
2026-08-11 23:30:43.971 [org.springframework.kafka.KafkaListenerEndpointContainer#0-0-C-1] DEBUG c.m.m.service.OrderCacheService - Cache atualizado para a chave [order:idempotency:volume-9-ca6d1f6d-53ba-40a5-b064-591c053a281f]
2026-08-11 23:30:43.971 [org.springframework.kafka.KafkaListenerEndpointContainer#0-0-C-1] INFO  com.moises.messaging.evidence - PERSISTED idempotencyKey=volume-9-ca6d1f6d-53ba-40a5-b064-591c053a281f orderId=16eae0c5-b971-4391-9b5b-496f6bb437ea status=RECEIVED
2026-08-11 23:30:43.971 [org.springframework.kafka.KafkaListenerEndpointContainer#0-0-C-1] INFO  c.m.m.service.OrderConsumerService - Pedido processado com sucesso: id=[16eae0c5-b971-4391-9b5b-496f6bb437ea], idempotencyKey=[volume-9-ca6d1f6d-53ba-40a5-b064-591c053a281f]
2026-08-11 23:30:43.971 [main] INFO  com.moises.messaging.evidence - TEST_PUBLISHED idempotencyKey=volume-20-667dba9b-38a3-4657-ab51-8be172dd3cb4 payload=com.moises.messaging.dto.OrderRequest@21ca613b
2026-08-11 23:30:43.971 [main] INFO  c.m.m.support.MessageTestHelper - Publicando pedido de teste: idempotencyKey=[volume-21-b68060d6-177b-4c7d-9a6b-79caf51486a1]
2026-08-11 23:30:43.974 [org.springframework.kafka.KafkaListenerEndpointContainer#0-0-C-1] DEBUG org.hibernate.SQL - 
    insert 
    into
        orders
        (created_at, customer_id, idempotency_key, product_sku, quantity, status, unit_price, id) 
    values
        (?, ?, ?, ?, ?, ?, ?, ?)
Hibernate: 
    insert 
    into
        orders
        (created_at, customer_id, idempotency_key, product_sku, quantity, status, unit_price, id) 
    values
        (?, ?, ?, ?, ?, ?, ?, ?)
2026-08-11 23:30:44.003 [http-nio-auto-1-exec-9] INFO  c.m.m.service.OrderProducerService - Publicando pedido no topico [orders-topic] com idempotencyKey=[volume-21-b68060d6-177b-4c7d-9a6b-79caf51486a1]
2026-08-11 23:30:44.005 [http-nio-auto-1-exec-9] INFO  com.moises.messaging.evidence - PUBLISHED topic=orders-topic idempotencyKey=volume-21-b68060d6-177b-4c7d-9a6b-79caf51486a1 payload=com.moises.messaging.dto.OrderRequest@4f9c414a
2026-08-11 23:30:44.011 [main] INFO  com.moises.messaging.evidence - TEST_PUBLISHED idempotencyKey=volume-21-b68060d6-177b-4c7d-9a6b-79caf51486a1 payload=com.moises.messaging.dto.OrderRequest@1dbecb0a
2026-08-11 23:30:44.014 [main] INFO  c.m.m.support.MessageTestHelper - Publicando pedido de teste: idempotencyKey=[volume-22-302e6256-98ce-4719-afd0-7d412c12972e]
2026-08-11 23:30:44.031 [http-nio-auto-1-exec-10] INFO  c.m.m.service.OrderProducerService - Publicando pedido no topico [orders-topic] com idempotencyKey=[volume-22-302e6256-98ce-4719-afd0-7d412c12972e]
2026-08-11 23:30:44.032 [http-nio-auto-1-exec-10] INFO  com.moises.messaging.evidence - PUBLISHED topic=orders-topic idempotencyKey=volume-22-302e6256-98ce-4719-afd0-7d412c12972e payload=com.moises.messaging.dto.OrderRequest@2580736b
2026-08-11 23:30:44.033 [org.springframework.kafka.KafkaListenerEndpointContainer#0-0-C-1] INFO  c.m.m.service.OrderConsumerService - Mensagem recebida: idempotencyKey=[volume-10-2b0af977-dad5-4d10-9034-f2826ea32d83]
2026-08-11 23:30:44.034 [main] INFO  com.moises.messaging.evidence - TEST_PUBLISHED idempotencyKey=volume-22-302e6256-98ce-4719-afd0-7d412c12972e payload=com.moises.messaging.dto.OrderRequest@1af1aae9
2026-08-11 23:30:44.034 [org.springframework.kafka.KafkaListenerEndpointContainer#0-0-C-1] DEBUG org.hibernate.SQL - 
    select
        o1_0.id 
    from
        orders o1_0 
    where
        o1_0.idempotency_key=? 
    fetch
        first ? rows only
Hibernate: 
    select
        o1_0.id 
    from
        orders o1_0 
    where
        o1_0.idempotency_key=? 
    fetch
        first ? rows only
2026-08-11 23:30:44.034 [main] INFO  c.m.m.support.MessageTestHelper - Publicando pedido de teste: idempotencyKey=[volume-23-3efec46d-d13f-48e5-b5a2-b96bd4598fcf]
2026-08-11 23:30:44.046 [http-nio-auto-1-exec-1] INFO  c.m.m.service.OrderProducerService - Publicando pedido no topico [orders-topic] com idempotencyKey=[volume-23-3efec46d-d13f-48e5-b5a2-b96bd4598fcf]
2026-08-11 23:30:44.048 [http-nio-auto-1-exec-1] INFO  com.moises.messaging.evidence - PUBLISHED topic=orders-topic idempotencyKey=volume-23-3efec46d-d13f-48e5-b5a2-b96bd4598fcf payload=com.moises.messaging.dto.OrderRequest@27874ca2
2026-08-11 23:30:44.051 [main] INFO  com.moises.messaging.evidence - TEST_PUBLISHED idempotencyKey=volume-23-3efec46d-d13f-48e5-b5a2-b96bd4598fcf payload=com.moises.messaging.dto.OrderRequest@31ca510a
2026-08-11 23:30:44.051 [main] INFO  c.m.m.support.MessageTestHelper - Publicando pedido de teste: idempotencyKey=[volume-24-9f44fea4-1aae-43bf-aca1-e1b064e070e3]
2026-08-11 23:30:44.051 [org.springframework.kafka.KafkaListenerEndpointContainer#0-0-C-1] DEBUG c.m.m.service.OrderCacheService - Cache atualizado para a chave [order:idempotency:volume-10-2b0af977-dad5-4d10-9034-f2826ea32d83]
2026-08-11 23:30:44.051 [org.springframework.kafka.KafkaListenerEndpointContainer#0-0-C-1] INFO  com.moises.messaging.evidence - PERSISTED idempotencyKey=volume-10-2b0af977-dad5-4d10-9034-f2826ea32d83 orderId=9278474e-89d5-4011-8511-8419a9480ae8 status=RECEIVED
2026-08-11 23:30:44.051 [org.springframework.kafka.KafkaListenerEndpointContainer#0-0-C-1] INFO  c.m.m.service.OrderConsumerService - Pedido processado com sucesso: id=[9278474e-89d5-4011-8511-8419a9480ae8], idempotencyKey=[volume-10-2b0af977-dad5-4d10-9034-f2826ea32d83]
2026-08-11 23:30:44.053 [org.springframework.kafka.KafkaListenerEndpointContainer#0-0-C-1] DEBUG org.hibernate.SQL - 
    insert 
    into
        orders
        (created_at, customer_id, idempotency_key, product_sku, quantity, status, unit_price, id) 
    values
        (?, ?, ?, ?, ?, ?, ?, ?)
Hibernate: 
    insert 
    into
        orders
        (created_at, customer_id, idempotency_key, product_sku, quantity, status, unit_price, id) 
    values
        (?, ?, ?, ?, ?, ?, ?, ?)
2026-08-11 23:30:44.061 [http-nio-auto-1-exec-2] INFO  c.m.m.service.OrderProducerService - Publicando pedido no topico [orders-topic] com idempotencyKey=[volume-24-9f44fea4-1aae-43bf-aca1-e1b064e070e3]
2026-08-11 23:30:44.066 [http-nio-auto-1-exec-2] INFO  com.moises.messaging.evidence - PUBLISHED topic=orders-topic idempotencyKey=volume-24-9f44fea4-1aae-43bf-aca1-e1b064e070e3 payload=com.moises.messaging.dto.OrderRequest@611c7cac
2026-08-11 23:30:44.072 [main] INFO  com.moises.messaging.evidence - TEST_PUBLISHED idempotencyKey=volume-24-9f44fea4-1aae-43bf-aca1-e1b064e070e3 payload=com.moises.messaging.dto.OrderRequest@437b2db1
2026-08-11 23:30:44.072 [main] INFO  c.m.m.support.MessageTestHelper - Publicando pedido de teste: idempotencyKey=[volume-25-e279265f-3e30-4ff6-9a92-3b905ec8cd76]
2026-08-11 23:30:44.088 [org.springframework.kafka.KafkaListenerEndpointContainer#0-0-C-1] INFO  c.m.m.service.OrderConsumerService - Mensagem recebida: idempotencyKey=[volume-11-fe299796-6a7b-4ff2-a49c-5296dacdcb28]
2026-08-11 23:30:44.089 [org.springframework.kafka.KafkaListenerEndpointContainer#0-0-C-1] DEBUG org.hibernate.SQL - 
    select
        o1_0.id 
    from
        orders o1_0 
    where
        o1_0.idempotency_key=? 
    fetch
        first ? rows only
Hibernate: 
    select
        o1_0.id 
    from
        orders o1_0 
    where
        o1_0.idempotency_key=? 
    fetch
        first ? rows only
2026-08-11 23:30:44.091 [http-nio-auto-1-exec-3] INFO  c.m.m.service.OrderProducerService - Publicando pedido no topico [orders-topic] com idempotencyKey=[volume-25-e279265f-3e30-4ff6-9a92-3b905ec8cd76]
2026-08-11 23:30:44.092 [http-nio-auto-1-exec-3] INFO  com.moises.messaging.evidence - PUBLISHED topic=orders-topic idempotencyKey=volume-25-e279265f-3e30-4ff6-9a92-3b905ec8cd76 payload=com.moises.messaging.dto.OrderRequest@239baded
2026-08-11 23:30:44.096 [main] INFO  com.moises.messaging.evidence - TEST_PUBLISHED idempotencyKey=volume-25-e279265f-3e30-4ff6-9a92-3b905ec8cd76 payload=com.moises.messaging.dto.OrderRequest@2876584f
2026-08-11 23:30:44.097 [main] INFO  c.m.m.support.MessageTestHelper - Publicando pedido de teste: idempotencyKey=[volume-26-9ce60729-5d40-4373-a64c-80898cb8bb6e]
2026-08-11 23:30:44.107 [http-nio-auto-1-exec-4] INFO  c.m.m.service.OrderProducerService - Publicando pedido no topico [orders-topic] com idempotencyKey=[volume-26-9ce60729-5d40-4373-a64c-80898cb8bb6e]
2026-08-11 23:30:44.108 [http-nio-auto-1-exec-4] INFO  com.moises.messaging.evidence - PUBLISHED topic=orders-topic idempotencyKey=volume-26-9ce60729-5d40-4373-a64c-80898cb8bb6e payload=com.moises.messaging.dto.OrderRequest@65b79a58
2026-08-11 23:30:44.109 [main] INFO  com.moises.messaging.evidence - TEST_PUBLISHED idempotencyKey=volume-26-9ce60729-5d40-4373-a64c-80898cb8bb6e payload=com.moises.messaging.dto.OrderRequest@3f47094a
2026-08-11 23:30:44.109 [main] INFO  c.m.m.support.MessageTestHelper - Publicando pedido de teste: idempotencyKey=[volume-27-cd99ce69-81ba-40c0-80d6-bd81f652f264]
2026-08-11 23:30:44.117 [org.springframework.kafka.KafkaListenerEndpointContainer#0-0-C-1] DEBUG c.m.m.service.OrderCacheService - Cache atualizado para a chave [order:idempotency:volume-11-fe299796-6a7b-4ff2-a49c-5296dacdcb28]
2026-08-11 23:30:44.117 [org.springframework.kafka.KafkaListenerEndpointContainer#0-0-C-1] INFO  com.moises.messaging.evidence - PERSISTED idempotencyKey=volume-11-fe299796-6a7b-4ff2-a49c-5296dacdcb28 orderId=76e97d72-200c-41cb-981c-b9517c24b796 status=RECEIVED
2026-08-11 23:30:44.119 [org.springframework.kafka.KafkaListenerEndpointContainer#0-0-C-1] INFO  c.m.m.service.OrderConsumerService - Pedido processado com sucesso: id=[76e97d72-200c-41cb-981c-b9517c24b796], idempotencyKey=[volume-11-fe299796-6a7b-4ff2-a49c-5296dacdcb28]
2026-08-11 23:30:44.119 [org.springframework.kafka.KafkaListenerEndpointContainer#0-0-C-1] DEBUG org.hibernate.SQL - 
    insert 
    into
        orders
        (created_at, customer_id, idempotency_key, product_sku, quantity, status, unit_price, id) 
    values
        (?, ?, ?, ?, ?, ?, ?, ?)
Hibernate: 
    insert 
    into
        orders
        (created_at, customer_id, idempotency_key, product_sku, quantity, status, unit_price, id) 
    values
        (?, ?, ?, ?, ?, ?, ?, ?)
2026-08-11 23:30:44.122 [http-nio-auto-1-exec-5] INFO  c.m.m.service.OrderProducerService - Publicando pedido no topico [orders-topic] com idempotencyKey=[volume-27-cd99ce69-81ba-40c0-80d6-bd81f652f264]
2026-08-11 23:30:44.123 [http-nio-auto-1-exec-5] INFO  com.moises.messaging.evidence - PUBLISHED topic=orders-topic idempotencyKey=volume-27-cd99ce69-81ba-40c0-80d6-bd81f652f264 payload=com.moises.messaging.dto.OrderRequest@72042a60
2026-08-11 23:30:44.125 [main] INFO  com.moises.messaging.evidence - TEST_PUBLISHED idempotencyKey=volume-27-cd99ce69-81ba-40c0-80d6-bd81f652f264 payload=com.moises.messaging.dto.OrderRequest@5c664da9
2026-08-11 23:30:44.126 [main] INFO  c.m.m.support.MessageTestHelper - Publicando pedido de teste: idempotencyKey=[volume-28-b4f4e4e0-b99d-4ac2-970e-509fac109bcf]
2026-08-11 23:30:44.128 [org.springframework.kafka.KafkaListenerEndpointContainer#0-0-C-1] INFO  c.m.m.service.OrderConsumerService - Mensagem recebida: idempotencyKey=[volume-12-d7b24706-220f-4c55-9efb-d2e1c5e52810]
2026-08-11 23:30:44.131 [org.springframework.kafka.KafkaListenerEndpointContainer#0-0-C-1] DEBUG org.hibernate.SQL - 
    select
        o1_0.id 
    from
        orders o1_0 
    where
        o1_0.idempotency_key=? 
    fetch
        first ? rows only
Hibernate: 
    select
        o1_0.id 
    from
        orders o1_0 
    where
        o1_0.idempotency_key=? 
    fetch
        first ? rows only
2026-08-11 23:30:44.139 [http-nio-auto-1-exec-6] INFO  c.m.m.service.OrderProducerService - Publicando pedido no topico [orders-topic] com idempotencyKey=[volume-28-b4f4e4e0-b99d-4ac2-970e-509fac109bcf]
2026-08-11 23:30:44.139 [org.springframework.kafka.KafkaListenerEndpointContainer#0-0-C-1] DEBUG c.m.m.service.OrderCacheService - Cache atualizado para a chave [order:idempotency:volume-12-d7b24706-220f-4c55-9efb-d2e1c5e52810]
2026-08-11 23:30:44.139 [org.springframework.kafka.KafkaListenerEndpointContainer#0-0-C-1] INFO  com.moises.messaging.evidence - PERSISTED idempotencyKey=volume-12-d7b24706-220f-4c55-9efb-d2e1c5e52810 orderId=05026ff0-9bd4-4ea7-946f-c62d79718e7c status=RECEIVED
2026-08-11 23:30:44.139 [http-nio-auto-1-exec-6] INFO  com.moises.messaging.evidence - PUBLISHED topic=orders-topic idempotencyKey=volume-28-b4f4e4e0-b99d-4ac2-970e-509fac109bcf payload=com.moises.messaging.dto.OrderRequest@59f08b16
2026-08-11 23:30:44.139 [org.springframework.kafka.KafkaListenerEndpointContainer#0-0-C-1] INFO  c.m.m.service.OrderConsumerService - Pedido processado com sucesso: id=[05026ff0-9bd4-4ea7-946f-c62d79718e7c], idempotencyKey=[volume-12-d7b24706-220f-4c55-9efb-d2e1c5e52810]
2026-08-11 23:30:44.140 [org.springframework.kafka.KafkaListenerEndpointContainer#0-0-C-1] DEBUG org.hibernate.SQL - 
    insert 
    into
        orders
        (created_at, customer_id, idempotency_key, product_sku, quantity, status, unit_price, id) 
    values
        (?, ?, ?, ?, ?, ?, ?, ?)
Hibernate: 
    insert 
    into
        orders
        (created_at, customer_id, idempotency_key, product_sku, quantity, status, unit_price, id) 
    values
        (?, ?, ?, ?, ?, ?, ?, ?)
2026-08-11 23:30:44.141 [main] INFO  com.moises.messaging.evidence - TEST_PUBLISHED idempotencyKey=volume-28-b4f4e4e0-b99d-4ac2-970e-509fac109bcf payload=com.moises.messaging.dto.OrderRequest@46eaf531
2026-08-11 23:30:44.142 [main] INFO  c.m.m.support.MessageTestHelper - Publicando pedido de teste: idempotencyKey=[volume-29-0920addd-8303-4d91-a9e7-cdb332f8f629]
2026-08-11 23:30:44.153 [org.springframework.kafka.KafkaListenerEndpointContainer#0-0-C-1] INFO  c.m.m.service.OrderConsumerService - Mensagem recebida: idempotencyKey=[volume-13-11d7a75f-b76a-4d31-be00-5eb663d45818]
2026-08-11 23:30:44.153 [http-nio-auto-1-exec-7] INFO  c.m.m.service.OrderProducerService - Publicando pedido no topico [orders-topic] com idempotencyKey=[volume-29-0920addd-8303-4d91-a9e7-cdb332f8f629]
2026-08-11 23:30:44.154 [http-nio-auto-1-exec-7] INFO  com.moises.messaging.evidence - PUBLISHED topic=orders-topic idempotencyKey=volume-29-0920addd-8303-4d91-a9e7-cdb332f8f629 payload=com.moises.messaging.dto.OrderRequest@15dbe5e7
2026-08-11 23:30:44.155 [org.springframework.kafka.KafkaListenerEndpointContainer#0-0-C-1] DEBUG org.hibernate.SQL - 
    select
        o1_0.id 
    from
        orders o1_0 
    where
        o1_0.idempotency_key=? 
    fetch
        first ? rows only
Hibernate: 
    select
        o1_0.id 
    from
        orders o1_0 
    where
        o1_0.idempotency_key=? 
    fetch
        first ? rows only
2026-08-11 23:30:44.156 [main] INFO  com.moises.messaging.evidence - TEST_PUBLISHED idempotencyKey=volume-29-0920addd-8303-4d91-a9e7-cdb332f8f629 payload=com.moises.messaging.dto.OrderRequest@5c447983
2026-08-11 23:30:44.157 [main] INFO  c.m.m.support.MessageTestHelper - Publicando pedido de teste: idempotencyKey=[volume-30-3ea9a0b9-52f6-49dd-bd5e-a52280753cf9]
2026-08-11 23:30:44.164 [org.springframework.kafka.KafkaListenerEndpointContainer#0-0-C-1] DEBUG c.m.m.service.OrderCacheService - Cache atualizado para a chave [order:idempotency:volume-13-11d7a75f-b76a-4d31-be00-5eb663d45818]
2026-08-11 23:30:44.164 [org.springframework.kafka.KafkaListenerEndpointContainer#0-0-C-1] INFO  com.moises.messaging.evidence - PERSISTED idempotencyKey=volume-13-11d7a75f-b76a-4d31-be00-5eb663d45818 orderId=4a0abac4-8918-48b6-ba6c-c0ff2632c3db status=RECEIVED
2026-08-11 23:30:44.164 [org.springframework.kafka.KafkaListenerEndpointContainer#0-0-C-1] INFO  c.m.m.service.OrderConsumerService - Pedido processado com sucesso: id=[4a0abac4-8918-48b6-ba6c-c0ff2632c3db], idempotencyKey=[volume-13-11d7a75f-b76a-4d31-be00-5eb663d45818]
2026-08-11 23:30:44.165 [org.springframework.kafka.KafkaListenerEndpointContainer#0-0-C-1] DEBUG org.hibernate.SQL - 
    insert 
    into
        orders
        (created_at, customer_id, idempotency_key, product_sku, quantity, status, unit_price, id) 
    values
        (?, ?, ?, ?, ?, ?, ?, ?)
Hibernate: 
    insert 
    into
        orders
        (created_at, customer_id, idempotency_key, product_sku, quantity, status, unit_price, id) 
    values
        (?, ?, ?, ?, ?, ?, ?, ?)
2026-08-11 23:30:44.169 [http-nio-auto-1-exec-8] INFO  c.m.m.service.OrderProducerService - Publicando pedido no topico [orders-topic] com idempotencyKey=[volume-30-3ea9a0b9-52f6-49dd-bd5e-a52280753cf9]
2026-08-11 23:30:44.169 [http-nio-auto-1-exec-8] INFO  com.moises.messaging.evidence - PUBLISHED topic=orders-topic idempotencyKey=volume-30-3ea9a0b9-52f6-49dd-bd5e-a52280753cf9 payload=com.moises.messaging.dto.OrderRequest@1717c1c7
2026-08-11 23:30:44.170 [org.springframework.kafka.KafkaListenerEndpointContainer#0-0-C-1] INFO  c.m.m.service.OrderConsumerService - Mensagem recebida: idempotencyKey=[volume-14-0227027f-bee4-45b3-a4cf-39c907c4340b]
2026-08-11 23:30:44.171 [main] INFO  com.moises.messaging.evidence - TEST_PUBLISHED idempotencyKey=volume-30-3ea9a0b9-52f6-49dd-bd5e-a52280753cf9 payload=com.moises.messaging.dto.OrderRequest@5b4e3618
2026-08-11 23:30:44.171 [org.springframework.kafka.KafkaListenerEndpointContainer#0-0-C-1] DEBUG org.hibernate.SQL - 
    select
        o1_0.id 
    from
        orders o1_0 
    where
        o1_0.idempotency_key=? 
    fetch
        first ? rows only
Hibernate: 
    select
        o1_0.id 
    from
        orders o1_0 
    where
        o1_0.idempotency_key=? 
    fetch
        first ? rows only
2026-08-11 23:30:44.171 [main] INFO  c.m.m.support.MessageTestHelper - Publicando pedido de teste: idempotencyKey=[volume-31-df7d0eae-a23f-492b-9c3c-bab1fca5ddb1]
2026-08-11 23:30:44.178 [org.springframework.kafka.KafkaListenerEndpointContainer#0-0-C-1] DEBUG c.m.m.service.OrderCacheService - Cache atualizado para a chave [order:idempotency:volume-14-0227027f-bee4-45b3-a4cf-39c907c4340b]
2026-08-11 23:30:44.178 [org.springframework.kafka.KafkaListenerEndpointContainer#0-0-C-1] INFO  com.moises.messaging.evidence - PERSISTED idempotencyKey=volume-14-0227027f-bee4-45b3-a4cf-39c907c4340b orderId=fa68d11d-2cb6-43fe-bd6e-d1f59d65e0a0 status=RECEIVED
2026-08-11 23:30:44.179 [org.springframework.kafka.KafkaListenerEndpointContainer#0-0-C-1] INFO  c.m.m.service.OrderConsumerService - Pedido processado com sucesso: id=[fa68d11d-2cb6-43fe-bd6e-d1f59d65e0a0], idempotencyKey=[volume-14-0227027f-bee4-45b3-a4cf-39c907c4340b]
2026-08-11 23:30:44.179 [org.springframework.kafka.KafkaListenerEndpointContainer#0-0-C-1] DEBUG org.hibernate.SQL - 
    insert 
    into
        orders
        (created_at, customer_id, idempotency_key, product_sku, quantity, status, unit_price, id) 
    values
        (?, ?, ?, ?, ?, ?, ?, ?)
Hibernate: 
    insert 
    into
        orders
        (created_at, customer_id, idempotency_key, product_sku, quantity, status, unit_price, id) 
    values
        (?, ?, ?, ?, ?, ?, ?, ?)
2026-08-11 23:30:44.184 [http-nio-auto-1-exec-9] INFO  c.m.m.service.OrderProducerService - Publicando pedido no topico [orders-topic] com idempotencyKey=[volume-31-df7d0eae-a23f-492b-9c3c-bab1fca5ddb1]
2026-08-11 23:30:44.185 [http-nio-auto-1-exec-9] INFO  com.moises.messaging.evidence - PUBLISHED topic=orders-topic idempotencyKey=volume-31-df7d0eae-a23f-492b-9c3c-bab1fca5ddb1 payload=com.moises.messaging.dto.OrderRequest@1e870753
2026-08-11 23:30:44.186 [main] INFO  com.moises.messaging.evidence - TEST_PUBLISHED idempotencyKey=volume-31-df7d0eae-a23f-492b-9c3c-bab1fca5ddb1 payload=com.moises.messaging.dto.OrderRequest@352b23dd
2026-08-11 23:30:44.187 [main] INFO  c.m.m.support.MessageTestHelper - Publicando pedido de teste: idempotencyKey=[volume-32-9c28dd34-629a-4384-b461-ab309276a955]
2026-08-11 23:30:44.193 [org.springframework.kafka.KafkaListenerEndpointContainer#0-0-C-1] INFO  c.m.m.service.OrderConsumerService - Mensagem recebida: idempotencyKey=[volume-15-24cba059-02da-4e01-ae5a-236e47398e1e]
2026-08-11 23:30:44.195 [org.springframework.kafka.KafkaListenerEndpointContainer#0-0-C-1] DEBUG org.hibernate.SQL - 
    select
        o1_0.id 
    from
        orders o1_0 
    where
        o1_0.idempotency_key=? 
    fetch
        first ? rows only
Hibernate: 
    select
        o1_0.id 
    from
        orders o1_0 
    where
        o1_0.idempotency_key=? 
    fetch
        first ? rows only
2026-08-11 23:30:44.199 [http-nio-auto-1-exec-10] INFO  c.m.m.service.OrderProducerService - Publicando pedido no topico [orders-topic] com idempotencyKey=[volume-32-9c28dd34-629a-4384-b461-ab309276a955]
2026-08-11 23:30:44.200 [http-nio-auto-1-exec-10] INFO  com.moises.messaging.evidence - PUBLISHED topic=orders-topic idempotencyKey=volume-32-9c28dd34-629a-4384-b461-ab309276a955 payload=com.moises.messaging.dto.OrderRequest@74f13927
2026-08-11 23:30:44.202 [main] INFO  com.moises.messaging.evidence - TEST_PUBLISHED idempotencyKey=volume-32-9c28dd34-629a-4384-b461-ab309276a955 payload=com.moises.messaging.dto.OrderRequest@24f90b34
2026-08-11 23:30:44.202 [main] INFO  c.m.m.support.MessageTestHelper - Publicando pedido de teste: idempotencyKey=[volume-33-041ea5c1-2780-4c96-98fc-0e5d3f4f4dbe]
2026-08-11 23:30:44.207 [org.springframework.kafka.KafkaListenerEndpointContainer#0-0-C-1] DEBUG c.m.m.service.OrderCacheService - Cache atualizado para a chave [order:idempotency:volume-15-24cba059-02da-4e01-ae5a-236e47398e1e]
2026-08-11 23:30:44.207 [org.springframework.kafka.KafkaListenerEndpointContainer#0-0-C-1] INFO  com.moises.messaging.evidence - PERSISTED idempotencyKey=volume-15-24cba059-02da-4e01-ae5a-236e47398e1e orderId=aaf04d4e-c1f0-458a-bdf5-8adbe9c8e3dd status=RECEIVED
2026-08-11 23:30:44.208 [org.springframework.kafka.KafkaListenerEndpointContainer#0-0-C-1] INFO  c.m.m.service.OrderConsumerService - Pedido processado com sucesso: id=[aaf04d4e-c1f0-458a-bdf5-8adbe9c8e3dd], idempotencyKey=[volume-15-24cba059-02da-4e01-ae5a-236e47398e1e]
2026-08-11 23:30:44.208 [org.springframework.kafka.KafkaListenerEndpointContainer#0-0-C-1] DEBUG org.hibernate.SQL - 
    insert 
    into
        orders
        (created_at, customer_id, idempotency_key, product_sku, quantity, status, unit_price, id) 
    values
        (?, ?, ?, ?, ?, ?, ?, ?)
Hibernate: 
    insert 
    into
        orders
        (created_at, customer_id, idempotency_key, product_sku, quantity, status, unit_price, id) 
    values
        (?, ?, ?, ?, ?, ?, ?, ?)
2026-08-11 23:30:44.215 [http-nio-auto-1-exec-1] INFO  c.m.m.service.OrderProducerService - Publicando pedido no topico [orders-topic] com idempotencyKey=[volume-33-041ea5c1-2780-4c96-98fc-0e5d3f4f4dbe]
2026-08-11 23:30:44.216 [http-nio-auto-1-exec-1] INFO  com.moises.messaging.evidence - PUBLISHED topic=orders-topic idempotencyKey=volume-33-041ea5c1-2780-4c96-98fc-0e5d3f4f4dbe payload=com.moises.messaging.dto.OrderRequest@4e758911
2026-08-11 23:30:44.219 [main] INFO  com.moises.messaging.evidence - TEST_PUBLISHED idempotencyKey=volume-33-041ea5c1-2780-4c96-98fc-0e5d3f4f4dbe payload=com.moises.messaging.dto.OrderRequest@5b8ee649
2026-08-11 23:30:44.219 [main] INFO  c.m.m.support.MessageTestHelper - Publicando pedido de teste: idempotencyKey=[volume-34-bf0f6189-e65a-4945-8fa3-4eeed4f41702]
2026-08-11 23:30:44.226 [org.springframework.kafka.KafkaListenerEndpointContainer#0-0-C-1] INFO  c.m.m.service.OrderConsumerService - Mensagem recebida: idempotencyKey=[volume-16-4e54e5d6-3862-4626-9758-34d5843a69e9]
2026-08-11 23:30:44.227 [org.springframework.kafka.KafkaListenerEndpointContainer#0-0-C-1] DEBUG org.hibernate.SQL - 
    select
        o1_0.id 
    from
        orders o1_0 
    where
        o1_0.idempotency_key=? 
    fetch
        first ? rows only
Hibernate: 
    select
        o1_0.id 
    from
        orders o1_0 
    where
        o1_0.idempotency_key=? 
    fetch
        first ? rows only
2026-08-11 23:30:44.230 [http-nio-auto-1-exec-2] INFO  c.m.m.service.OrderProducerService - Publicando pedido no topico [orders-topic] com idempotencyKey=[volume-34-bf0f6189-e65a-4945-8fa3-4eeed4f41702]
2026-08-11 23:30:44.231 [http-nio-auto-1-exec-2] INFO  com.moises.messaging.evidence - PUBLISHED topic=orders-topic idempotencyKey=volume-34-bf0f6189-e65a-4945-8fa3-4eeed4f41702 payload=com.moises.messaging.dto.OrderRequest@75344567
2026-08-11 23:30:44.233 [main] INFO  com.moises.messaging.evidence - TEST_PUBLISHED idempotencyKey=volume-34-bf0f6189-e65a-4945-8fa3-4eeed4f41702 payload=com.moises.messaging.dto.OrderRequest@71daf5d6
2026-08-11 23:30:44.233 [main] INFO  c.m.m.support.MessageTestHelper - Publicando pedido de teste: idempotencyKey=[volume-35-588eb7b3-4dfa-44bb-96a9-81bfe6b22155]
2026-08-11 23:30:44.246 [http-nio-auto-1-exec-3] INFO  c.m.m.service.OrderProducerService - Publicando pedido no topico [orders-topic] com idempotencyKey=[volume-35-588eb7b3-4dfa-44bb-96a9-81bfe6b22155]
2026-08-11 23:30:44.246 [http-nio-auto-1-exec-3] INFO  com.moises.messaging.evidence - PUBLISHED topic=orders-topic idempotencyKey=volume-35-588eb7b3-4dfa-44bb-96a9-81bfe6b22155 payload=com.moises.messaging.dto.OrderRequest@45aacfc9
2026-08-11 23:30:44.248 [main] INFO  com.moises.messaging.evidence - TEST_PUBLISHED idempotencyKey=volume-35-588eb7b3-4dfa-44bb-96a9-81bfe6b22155 payload=com.moises.messaging.dto.OrderRequest@1d0305fb
2026-08-11 23:30:44.248 [main] INFO  c.m.m.support.MessageTestHelper - Publicando pedido de teste: idempotencyKey=[volume-36-153824cf-9d05-462b-966a-6f60405caece]
2026-08-11 23:30:44.250 [org.springframework.kafka.KafkaListenerEndpointContainer#0-0-C-1] DEBUG c.m.m.service.OrderCacheService - Cache atualizado para a chave [order:idempotency:volume-16-4e54e5d6-3862-4626-9758-34d5843a69e9]
2026-08-11 23:30:44.250 [org.springframework.kafka.KafkaListenerEndpointContainer#0-0-C-1] INFO  com.moises.messaging.evidence - PERSISTED idempotencyKey=volume-16-4e54e5d6-3862-4626-9758-34d5843a69e9 orderId=9b494f85-b18a-4fd2-a7b4-c4424a02844d status=RECEIVED
2026-08-11 23:30:44.250 [org.springframework.kafka.KafkaListenerEndpointContainer#0-0-C-1] INFO  c.m.m.service.OrderConsumerService - Pedido processado com sucesso: id=[9b494f85-b18a-4fd2-a7b4-c4424a02844d], idempotencyKey=[volume-16-4e54e5d6-3862-4626-9758-34d5843a69e9]
2026-08-11 23:30:44.251 [org.springframework.kafka.KafkaListenerEndpointContainer#0-0-C-1] DEBUG org.hibernate.SQL - 
    insert 
    into
        orders
        (created_at, customer_id, idempotency_key, product_sku, quantity, status, unit_price, id) 
    values
        (?, ?, ?, ?, ?, ?, ?, ?)
Hibernate: 
    insert 
    into
        orders
        (created_at, customer_id, idempotency_key, product_sku, quantity, status, unit_price, id) 
    values
        (?, ?, ?, ?, ?, ?, ?, ?)
2026-08-11 23:30:44.261 [org.springframework.kafka.KafkaListenerEndpointContainer#0-0-C-1] INFO  c.m.m.service.OrderConsumerService - Mensagem recebida: idempotencyKey=[volume-17-3b8c62d9-297c-42b7-a78f-14aa25bc5311]
2026-08-11 23:30:44.261 [http-nio-auto-1-exec-4] INFO  c.m.m.service.OrderProducerService - Publicando pedido no topico [orders-topic] com idempotencyKey=[volume-36-153824cf-9d05-462b-966a-6f60405caece]
2026-08-11 23:30:44.262 [http-nio-auto-1-exec-4] INFO  com.moises.messaging.evidence - PUBLISHED topic=orders-topic idempotencyKey=volume-36-153824cf-9d05-462b-966a-6f60405caece payload=com.moises.messaging.dto.OrderRequest@14b7c49b
2026-08-11 23:30:44.263 [org.springframework.kafka.KafkaListenerEndpointContainer#0-0-C-1] DEBUG org.hibernate.SQL - 
    select
        o1_0.id 
    from
        orders o1_0 
    where
        o1_0.idempotency_key=? 
    fetch
        first ? rows only
Hibernate: 
    select
        o1_0.id 
    from
        orders o1_0 
    where
        o1_0.idempotency_key=? 
    fetch
        first ? rows only
2026-08-11 23:30:44.265 [main] INFO  com.moises.messaging.evidence - TEST_PUBLISHED idempotencyKey=volume-36-153824cf-9d05-462b-966a-6f60405caece payload=com.moises.messaging.dto.OrderRequest@714f1dc4
2026-08-11 23:30:44.265 [main] INFO  c.m.m.support.MessageTestHelper - Publicando pedido de teste: idempotencyKey=[volume-37-e4af0072-a5ad-4269-853d-5f9a665e8f39]
2026-08-11 23:30:44.272 [org.springframework.kafka.KafkaListenerEndpointContainer#0-0-C-1] DEBUG c.m.m.service.OrderCacheService - Cache atualizado para a chave [order:idempotency:volume-17-3b8c62d9-297c-42b7-a78f-14aa25bc5311]
2026-08-11 23:30:44.272 [org.springframework.kafka.KafkaListenerEndpointContainer#0-0-C-1] INFO  com.moises.messaging.evidence - PERSISTED idempotencyKey=volume-17-3b8c62d9-297c-42b7-a78f-14aa25bc5311 orderId=8c1e4ae4-1ebd-4670-9e04-940b622a6533 status=RECEIVED
2026-08-11 23:30:44.272 [org.springframework.kafka.KafkaListenerEndpointContainer#0-0-C-1] INFO  c.m.m.service.OrderConsumerService - Pedido processado com sucesso: id=[8c1e4ae4-1ebd-4670-9e04-940b622a6533], idempotencyKey=[volume-17-3b8c62d9-297c-42b7-a78f-14aa25bc5311]
2026-08-11 23:30:44.273 [org.springframework.kafka.KafkaListenerEndpointContainer#0-0-C-1] DEBUG org.hibernate.SQL - 
    insert 
    into
        orders
        (created_at, customer_id, idempotency_key, product_sku, quantity, status, unit_price, id) 
    values
        (?, ?, ?, ?, ?, ?, ?, ?)
Hibernate: 
    insert 
    into
        orders
        (created_at, customer_id, idempotency_key, product_sku, quantity, status, unit_price, id) 
    values
        (?, ?, ?, ?, ?, ?, ?, ?)
2026-08-11 23:30:44.278 [http-nio-auto-1-exec-5] INFO  c.m.m.service.OrderProducerService - Publicando pedido no topico [orders-topic] com idempotencyKey=[volume-37-e4af0072-a5ad-4269-853d-5f9a665e8f39]
2026-08-11 23:30:44.278 [http-nio-auto-1-exec-5] INFO  com.moises.messaging.evidence - PUBLISHED topic=orders-topic idempotencyKey=volume-37-e4af0072-a5ad-4269-853d-5f9a665e8f39 payload=com.moises.messaging.dto.OrderRequest@4b7bc538
2026-08-11 23:30:44.284 [main] INFO  com.moises.messaging.evidence - TEST_PUBLISHED idempotencyKey=volume-37-e4af0072-a5ad-4269-853d-5f9a665e8f39 payload=com.moises.messaging.dto.OrderRequest@5d5f010a
2026-08-11 23:30:44.284 [main] INFO  c.m.m.support.MessageTestHelper - Publicando pedido de teste: idempotencyKey=[volume-38-5782b66e-024e-4333-9750-3e9e6ec91bd7]
2026-08-11 23:30:44.291 [org.springframework.kafka.KafkaListenerEndpointContainer#0-0-C-1] INFO  c.m.m.service.OrderConsumerService - Mensagem recebida: idempotencyKey=[volume-18-f2b5a1f3-8303-494c-9c99-7a948a46f958]
2026-08-11 23:30:44.293 [org.springframework.kafka.KafkaListenerEndpointContainer#0-0-C-1] DEBUG org.hibernate.SQL - 
    select
        o1_0.id 
    from
        orders o1_0 
    where
        o1_0.idempotency_key=? 
    fetch
        first ? rows only
Hibernate: 
    select
        o1_0.id 
    from
        orders o1_0 
    where
        o1_0.idempotency_key=? 
    fetch
        first ? rows only
2026-08-11 23:30:44.294 [http-nio-auto-1-exec-6] INFO  c.m.m.service.OrderProducerService - Publicando pedido no topico [orders-topic] com idempotencyKey=[volume-38-5782b66e-024e-4333-9750-3e9e6ec91bd7]
2026-08-11 23:30:44.295 [http-nio-auto-1-exec-6] INFO  com.moises.messaging.evidence - PUBLISHED topic=orders-topic idempotencyKey=volume-38-5782b66e-024e-4333-9750-3e9e6ec91bd7 payload=com.moises.messaging.dto.OrderRequest@217005aa
2026-08-11 23:30:44.298 [main] INFO  com.moises.messaging.evidence - TEST_PUBLISHED idempotencyKey=volume-38-5782b66e-024e-4333-9750-3e9e6ec91bd7 payload=com.moises.messaging.dto.OrderRequest@7b8d2b32
2026-08-11 23:30:44.298 [main] INFO  c.m.m.support.MessageTestHelper - Publicando pedido de teste: idempotencyKey=[volume-39-a0af934d-67d6-46a1-840a-4f3760fbe02b]
2026-08-11 23:30:44.308 [http-nio-auto-1-exec-7] INFO  c.m.m.service.OrderProducerService - Publicando pedido no topico [orders-topic] com idempotencyKey=[volume-39-a0af934d-67d6-46a1-840a-4f3760fbe02b]
2026-08-11 23:30:44.309 [http-nio-auto-1-exec-7] INFO  com.moises.messaging.evidence - PUBLISHED topic=orders-topic idempotencyKey=volume-39-a0af934d-67d6-46a1-840a-4f3760fbe02b payload=com.moises.messaging.dto.OrderRequest@36a2db61
2026-08-11 23:30:44.310 [org.springframework.kafka.KafkaListenerEndpointContainer#0-0-C-1] DEBUG c.m.m.service.OrderCacheService - Cache atualizado para a chave [order:idempotency:volume-18-f2b5a1f3-8303-494c-9c99-7a948a46f958]
2026-08-11 23:30:44.310 [org.springframework.kafka.KafkaListenerEndpointContainer#0-0-C-1] INFO  com.moises.messaging.evidence - PERSISTED idempotencyKey=volume-18-f2b5a1f3-8303-494c-9c99-7a948a46f958 orderId=4e33491b-5a1a-4f92-888f-60153d8f0120 status=RECEIVED
2026-08-11 23:30:44.310 [main] INFO  com.moises.messaging.evidence - TEST_PUBLISHED idempotencyKey=volume-39-a0af934d-67d6-46a1-840a-4f3760fbe02b payload=com.moises.messaging.dto.OrderRequest@7e24d565
2026-08-11 23:30:44.310 [org.springframework.kafka.KafkaListenerEndpointContainer#0-0-C-1] INFO  c.m.m.service.OrderConsumerService - Pedido processado com sucesso: id=[4e33491b-5a1a-4f92-888f-60153d8f0120], idempotencyKey=[volume-18-f2b5a1f3-8303-494c-9c99-7a948a46f958]
2026-08-11 23:30:44.311 [main] INFO  c.m.m.support.MessageTestHelper - Publicando pedido de teste: idempotencyKey=[volume-40-4d6781cb-0ad7-4d8c-ba20-414ef200525e]
2026-08-11 23:30:44.312 [org.springframework.kafka.KafkaListenerEndpointContainer#0-0-C-1] DEBUG org.hibernate.SQL - 
    insert 
    into
        orders
        (created_at, customer_id, idempotency_key, product_sku, quantity, status, unit_price, id) 
    values
        (?, ?, ?, ?, ?, ?, ?, ?)
Hibernate: 
    insert 
    into
        orders
        (created_at, customer_id, idempotency_key, product_sku, quantity, status, unit_price, id) 
    values
        (?, ?, ?, ?, ?, ?, ?, ?)
2026-08-11 23:30:44.324 [http-nio-auto-1-exec-8] INFO  c.m.m.service.OrderProducerService - Publicando pedido no topico [orders-topic] com idempotencyKey=[volume-40-4d6781cb-0ad7-4d8c-ba20-414ef200525e]
2026-08-11 23:30:44.324 [http-nio-auto-1-exec-8] INFO  com.moises.messaging.evidence - PUBLISHED topic=orders-topic idempotencyKey=volume-40-4d6781cb-0ad7-4d8c-ba20-414ef200525e payload=com.moises.messaging.dto.OrderRequest@2da2c79c
2026-08-11 23:30:44.326 [main] INFO  com.moises.messaging.evidence - TEST_PUBLISHED idempotencyKey=volume-40-4d6781cb-0ad7-4d8c-ba20-414ef200525e payload=com.moises.messaging.dto.OrderRequest@778c5658
2026-08-11 23:30:44.326 [main] INFO  c.m.m.support.MessageTestHelper - Publicando pedido de teste: idempotencyKey=[volume-41-152e7950-3dec-4a18-88d6-ecc7e681c910]
2026-08-11 23:30:44.339 [http-nio-auto-1-exec-9] INFO  c.m.m.service.OrderProducerService - Publicando pedido no topico [orders-topic] com idempotencyKey=[volume-41-152e7950-3dec-4a18-88d6-ecc7e681c910]
2026-08-11 23:30:44.341 [http-nio-auto-1-exec-9] INFO  com.moises.messaging.evidence - PUBLISHED topic=orders-topic idempotencyKey=volume-41-152e7950-3dec-4a18-88d6-ecc7e681c910 payload=com.moises.messaging.dto.OrderRequest@280d1d9c
2026-08-11 23:30:44.342 [main] INFO  com.moises.messaging.evidence - TEST_PUBLISHED idempotencyKey=volume-41-152e7950-3dec-4a18-88d6-ecc7e681c910 payload=com.moises.messaging.dto.OrderRequest@52fe4ef2
2026-08-11 23:30:44.343 [main] INFO  c.m.m.support.MessageTestHelper - Publicando pedido de teste: idempotencyKey=[volume-42-7b445578-e91c-4e05-9321-8efe5ca66d53]
2026-08-11 23:30:44.351 [org.springframework.kafka.KafkaListenerEndpointContainer#0-0-C-1] INFO  c.m.m.service.OrderConsumerService - Mensagem recebida: idempotencyKey=[volume-19-b3f4b7ee-1b77-496a-98cb-c3d663324c2c]
2026-08-11 23:30:44.352 [org.springframework.kafka.KafkaListenerEndpointContainer#0-0-C-1] DEBUG org.hibernate.SQL - 
    select
        o1_0.id 
    from
        orders o1_0 
    where
        o1_0.idempotency_key=? 
    fetch
        first ? rows only
Hibernate: 
    select
        o1_0.id 
    from
        orders o1_0 
    where
        o1_0.idempotency_key=? 
    fetch
        first ? rows only
2026-08-11 23:30:44.358 [http-nio-auto-1-exec-10] INFO  c.m.m.service.OrderProducerService - Publicando pedido no topico [orders-topic] com idempotencyKey=[volume-42-7b445578-e91c-4e05-9321-8efe5ca66d53]
2026-08-11 23:30:44.359 [http-nio-auto-1-exec-10] INFO  com.moises.messaging.evidence - PUBLISHED topic=orders-topic idempotencyKey=volume-42-7b445578-e91c-4e05-9321-8efe5ca66d53 payload=com.moises.messaging.dto.OrderRequest@69601a34
2026-08-11 23:30:44.360 [org.springframework.kafka.KafkaListenerEndpointContainer#0-0-C-1] DEBUG c.m.m.service.OrderCacheService - Cache atualizado para a chave [order:idempotency:volume-19-b3f4b7ee-1b77-496a-98cb-c3d663324c2c]
2026-08-11 23:30:44.361 [org.springframework.kafka.KafkaListenerEndpointContainer#0-0-C-1] INFO  com.moises.messaging.evidence - PERSISTED idempotencyKey=volume-19-b3f4b7ee-1b77-496a-98cb-c3d663324c2c orderId=59e6c89f-caf4-43db-b146-66a4544bc1b9 status=RECEIVED
2026-08-11 23:30:44.361 [org.springframework.kafka.KafkaListenerEndpointContainer#0-0-C-1] INFO  c.m.m.service.OrderConsumerService - Pedido processado com sucesso: id=[59e6c89f-caf4-43db-b146-66a4544bc1b9], idempotencyKey=[volume-19-b3f4b7ee-1b77-496a-98cb-c3d663324c2c]
2026-08-11 23:30:44.362 [org.springframework.kafka.KafkaListenerEndpointContainer#0-0-C-1] DEBUG org.hibernate.SQL - 
    insert 
    into
        orders
        (created_at, customer_id, idempotency_key, product_sku, quantity, status, unit_price, id) 
    values
        (?, ?, ?, ?, ?, ?, ?, ?)
Hibernate: 
    insert 
    into
        orders
        (created_at, customer_id, idempotency_key, product_sku, quantity, status, unit_price, id) 
    values
        (?, ?, ?, ?, ?, ?, ?, ?)
2026-08-11 23:30:44.363 [main] INFO  com.moises.messaging.evidence - TEST_PUBLISHED idempotencyKey=volume-42-7b445578-e91c-4e05-9321-8efe5ca66d53 payload=com.moises.messaging.dto.OrderRequest@40383b24
2026-08-11 23:30:44.363 [main] INFO  c.m.m.support.MessageTestHelper - Publicando pedido de teste: idempotencyKey=[volume-43-a6dddb74-0371-4165-912d-7a49f030d253]
2026-08-11 23:30:44.369 [org.springframework.kafka.KafkaListenerEndpointContainer#0-0-C-1] INFO  c.m.m.service.OrderConsumerService - Mensagem recebida: idempotencyKey=[volume-20-667dba9b-38a3-4657-ab51-8be172dd3cb4]
2026-08-11 23:30:44.369 [http-nio-auto-1-exec-1] INFO  c.m.m.service.OrderProducerService - Publicando pedido no topico [orders-topic] com idempotencyKey=[volume-43-a6dddb74-0371-4165-912d-7a49f030d253]
2026-08-11 23:30:44.370 [http-nio-auto-1-exec-1] INFO  com.moises.messaging.evidence - PUBLISHED topic=orders-topic idempotencyKey=volume-43-a6dddb74-0371-4165-912d-7a49f030d253 payload=com.moises.messaging.dto.OrderRequest@2677301c
2026-08-11 23:30:44.370 [org.springframework.kafka.KafkaListenerEndpointContainer#0-0-C-1] DEBUG org.hibernate.SQL - 
    select
        o1_0.id 
    from
        orders o1_0 
    where
        o1_0.idempotency_key=? 
    fetch
        first ? rows only
Hibernate: 
    select
        o1_0.id 
    from
        orders o1_0 
    where
        o1_0.idempotency_key=? 
    fetch
        first ? rows only
2026-08-11 23:30:44.372 [main] INFO  com.moises.messaging.evidence - TEST_PUBLISHED idempotencyKey=volume-43-a6dddb74-0371-4165-912d-7a49f030d253 payload=com.moises.messaging.dto.OrderRequest@186f51bb
2026-08-11 23:30:44.372 [main] INFO  c.m.m.support.MessageTestHelper - Publicando pedido de teste: idempotencyKey=[volume-44-52c30c8c-0959-4bcb-b67e-b8bfc6ca1036]
2026-08-11 23:30:44.378 [org.springframework.kafka.KafkaListenerEndpointContainer#0-0-C-1] DEBUG c.m.m.service.OrderCacheService - Cache atualizado para a chave [order:idempotency:volume-20-667dba9b-38a3-4657-ab51-8be172dd3cb4]
2026-08-11 23:30:44.378 [org.springframework.kafka.KafkaListenerEndpointContainer#0-0-C-1] INFO  com.moises.messaging.evidence - PERSISTED idempotencyKey=volume-20-667dba9b-38a3-4657-ab51-8be172dd3cb4 orderId=016f24e8-601b-4ca3-b255-68cebb2107a4 status=RECEIVED
2026-08-11 23:30:44.378 [org.springframework.kafka.KafkaListenerEndpointContainer#0-0-C-1] INFO  c.m.m.service.OrderConsumerService - Pedido processado com sucesso: id=[016f24e8-601b-4ca3-b255-68cebb2107a4], idempotencyKey=[volume-20-667dba9b-38a3-4657-ab51-8be172dd3cb4]
2026-08-11 23:30:44.379 [org.springframework.kafka.KafkaListenerEndpointContainer#0-0-C-1] DEBUG org.hibernate.SQL - 
    insert 
    into
        orders
        (created_at, customer_id, idempotency_key, product_sku, quantity, status, unit_price, id) 
    values
        (?, ?, ?, ?, ?, ?, ?, ?)
Hibernate: 
    insert 
    into
        orders
        (created_at, customer_id, idempotency_key, product_sku, quantity, status, unit_price, id) 
    values
        (?, ?, ?, ?, ?, ?, ?, ?)
2026-08-11 23:30:44.386 [org.springframework.kafka.KafkaListenerEndpointContainer#0-0-C-1] INFO  c.m.m.service.OrderConsumerService - Mensagem recebida: idempotencyKey=[volume-21-b68060d6-177b-4c7d-9a6b-79caf51486a1]
2026-08-11 23:30:44.386 [http-nio-auto-1-exec-2] INFO  c.m.m.service.OrderProducerService - Publicando pedido no topico [orders-topic] com idempotencyKey=[volume-44-52c30c8c-0959-4bcb-b67e-b8bfc6ca1036]
2026-08-11 23:30:44.386 [http-nio-auto-1-exec-2] INFO  com.moises.messaging.evidence - PUBLISHED topic=orders-topic idempotencyKey=volume-44-52c30c8c-0959-4bcb-b67e-b8bfc6ca1036 payload=com.moises.messaging.dto.OrderRequest@6552e109
2026-08-11 23:30:44.392 [org.springframework.kafka.KafkaListenerEndpointContainer#0-0-C-1] DEBUG org.hibernate.SQL - 
    select
        o1_0.id 
    from
        orders o1_0 
    where
        o1_0.idempotency_key=? 
    fetch
        first ? rows only
Hibernate: 
    select
        o1_0.id 
    from
        orders o1_0 
    where
        o1_0.idempotency_key=? 
    fetch
        first ? rows only
2026-08-11 23:30:44.392 [main] INFO  com.moises.messaging.evidence - TEST_PUBLISHED idempotencyKey=volume-44-52c30c8c-0959-4bcb-b67e-b8bfc6ca1036 payload=com.moises.messaging.dto.OrderRequest@dc4fa78
2026-08-11 23:30:44.393 [main] INFO  c.m.m.support.MessageTestHelper - Publicando pedido de teste: idempotencyKey=[volume-45-2aa4f7a1-6e76-4ce9-9146-6cc473538114]
2026-08-11 23:30:44.402 [http-nio-auto-1-exec-3] INFO  c.m.m.service.OrderProducerService - Publicando pedido no topico [orders-topic] com idempotencyKey=[volume-45-2aa4f7a1-6e76-4ce9-9146-6cc473538114]
2026-08-11 23:30:44.403 [http-nio-auto-1-exec-3] INFO  com.moises.messaging.evidence - PUBLISHED topic=orders-topic idempotencyKey=volume-45-2aa4f7a1-6e76-4ce9-9146-6cc473538114 payload=com.moises.messaging.dto.OrderRequest@27d572cf
2026-08-11 23:30:44.404 [main] INFO  com.moises.messaging.evidence - TEST_PUBLISHED idempotencyKey=volume-45-2aa4f7a1-6e76-4ce9-9146-6cc473538114 payload=com.moises.messaging.dto.OrderRequest@2d6dbcec
2026-08-11 23:30:44.405 [main] INFO  c.m.m.support.MessageTestHelper - Publicando pedido de teste: idempotencyKey=[volume-46-0f77629e-261d-4613-a150-12a12f15ae33]
2026-08-11 23:30:44.412 [org.springframework.kafka.KafkaListenerEndpointContainer#0-0-C-1] DEBUG c.m.m.service.OrderCacheService - Cache atualizado para a chave [order:idempotency:volume-21-b68060d6-177b-4c7d-9a6b-79caf51486a1]
2026-08-11 23:30:44.412 [org.springframework.kafka.KafkaListenerEndpointContainer#0-0-C-1] INFO  com.moises.messaging.evidence - PERSISTED idempotencyKey=volume-21-b68060d6-177b-4c7d-9a6b-79caf51486a1 orderId=3ffb6a05-e9b9-4308-b8c3-739460a709a3 status=RECEIVED
2026-08-11 23:30:44.412 [org.springframework.kafka.KafkaListenerEndpointContainer#0-0-C-1] INFO  c.m.m.service.OrderConsumerService - Pedido processado com sucesso: id=[3ffb6a05-e9b9-4308-b8c3-739460a709a3], idempotencyKey=[volume-21-b68060d6-177b-4c7d-9a6b-79caf51486a1]
2026-08-11 23:30:44.412 [org.springframework.kafka.KafkaListenerEndpointContainer#0-0-C-1] DEBUG org.hibernate.SQL - 
    insert 
    into
        orders
        (created_at, customer_id, idempotency_key, product_sku, quantity, status, unit_price, id) 
    values
        (?, ?, ?, ?, ?, ?, ?, ?)
Hibernate: 
    insert 
    into
        orders
        (created_at, customer_id, idempotency_key, product_sku, quantity, status, unit_price, id) 
    values
        (?, ?, ?, ?, ?, ?, ?, ?)
2026-08-11 23:30:44.420 [http-nio-auto-1-exec-4] INFO  c.m.m.service.OrderProducerService - Publicando pedido no topico [orders-topic] com idempotencyKey=[volume-46-0f77629e-261d-4613-a150-12a12f15ae33]
2026-08-11 23:30:44.420 [http-nio-auto-1-exec-4] INFO  com.moises.messaging.evidence - PUBLISHED topic=orders-topic idempotencyKey=volume-46-0f77629e-261d-4613-a150-12a12f15ae33 payload=com.moises.messaging.dto.OrderRequest@61f9035e
[...]
    from
        orders o1_0 
    where
        o1_0.idempotency_key=? 
    fetch
        first ? rows only
2026-08-11 23:30:47.822 [main] DEBUG org.hibernate.SQL - 
    select
        o1_0.id 
    from
        orders o1_0 
    where
        o1_0.idempotency_key=? 
    fetch
        first ? rows only
Hibernate: 
    select
        o1_0.id 
    from
        orders o1_0 
    where
        o1_0.idempotency_key=? 
    fetch
        first ? rows only
2026-08-11 23:30:47.825 [main] DEBUG org.hibernate.SQL - 
    select
        o1_0.id 
    from
        orders o1_0 
    where
        o1_0.idempotency_key=? 
    fetch
        first ? rows only
Hibernate: 
    select
        o1_0.id 
    from
        orders o1_0 
    where
        o1_0.idempotency_key=? 
    fetch
        first ? rows only
2026-08-11 23:30:47.827 [main] DEBUG org.hibernate.SQL - 
    select
        o1_0.id 
    from
        orders o1_0 
    where
        o1_0.idempotency_key=? 
    fetch
        first ? rows only
Hibernate: 
    select
        o1_0.id 
    from
        orders o1_0 
    where
        o1_0.idempotency_key=? 
    fetch
        first ? rows only
2026-08-11 23:30:47.829 [main] DEBUG org.hibernate.SQL - 
    select
        o1_0.id 
    from
        orders o1_0 
    where
        o1_0.idempotency_key=? 
    fetch
        first ? rows only
Hibernate: 
    select
        o1_0.id 
    from
        orders o1_0 
    where
        o1_0.idempotency_key=? 
    fetch
        first ? rows only
2026-08-11 23:30:47.832 [main] DEBUG org.hibernate.SQL - 
    select
        o1_0.id 
    from
        orders o1_0 
    where
        o1_0.idempotency_key=? 
    fetch
        first ? rows only
Hibernate: 
    select
        o1_0.id 
    from
        orders o1_0 
    where
        o1_0.idempotency_key=? 
    fetch
        first ? rows only
2026-08-11 23:30:47.834 [main] DEBUG org.hibernate.SQL - 
    select
        o1_0.id 
    from
        orders o1_0 
    where
        o1_0.idempotency_key=? 
    fetch
        first ? rows only
Hibernate: 
    select
        o1_0.id 
    from
        orders o1_0 
    where
        o1_0.idempotency_key=? 
    fetch
        first ? rows only
2026-08-11 23:30:47.836 [main] DEBUG org.hibernate.SQL - 
    select
        o1_0.id 
    from
        orders o1_0 
    where
        o1_0.idempotency_key=? 
    fetch
        first ? rows only
Hibernate: 
    select
        o1_0.id 
    from
        orders o1_0 
    where
        o1_0.idempotency_key=? 
    fetch
        first ? rows only
2026-08-11 23:30:47.838 [main] DEBUG org.hibernate.SQL - 
    select
        o1_0.id 
    from
        orders o1_0 
    where
        o1_0.idempotency_key=? 
    fetch
        first ? rows only
Hibernate: 
    select
        o1_0.id 
    from
        orders o1_0 
    where
        o1_0.idempotency_key=? 
    fetch
        first ? rows only
2026-08-11 23:30:47.841 [main] DEBUG org.hibernate.SQL - 
    select
        o1_0.id 
    from
        orders o1_0 
    where
        o1_0.idempotency_key=? 
    fetch
        first ? rows only
Hibernate: 
    select
        o1_0.id 
    from
        orders o1_0 
    where
        o1_0.idempotency_key=? 
    fetch
        first ? rows only
2026-08-11 23:30:47.843 [main] DEBUG org.hibernate.SQL - 
    select
        o1_0.id 
    from
        orders o1_0 
    where
        o1_0.idempotency_key=? 
    fetch
        first ? rows only
Hibernate: 
    select
        o1_0.id 
    from
        orders o1_0 
    where
        o1_0.idempotency_key=? 
    fetch
        first ? rows only
2026-08-11 23:30:47.845 [main] DEBUG org.hibernate.SQL - 
    select
        o1_0.id 
    from
        orders o1_0 
    where
        o1_0.idempotency_key=? 
    fetch
        first ? rows only
Hibernate: 
    select
        o1_0.id 
    from
        orders o1_0 
    where
        o1_0.idempotency_key=? 
    fetch
        first ? rows only
2026-08-11 23:30:47.847 [main] DEBUG org.hibernate.SQL - 
    select
        o1_0.id 
    from
        orders o1_0 
    where
        o1_0.idempotency_key=? 
    fetch
        first ? rows only
Hibernate: 
    select
        o1_0.id 
    from
        orders o1_0 
    where
        o1_0.idempotency_key=? 
    fetch
        first ? rows only
2026-08-11 23:30:47.849 [main] DEBUG org.hibernate.SQL - 
    select
        o1_0.id 
    from
        orders o1_0 
    where
        o1_0.idempotency_key=? 
    fetch
        first ? rows only
Hibernate: 
    select
        o1_0.id 
    from
        orders o1_0 
    where
        o1_0.idempotency_key=? 
    fetch
        first ? rows only
2026-08-11 23:30:47.851 [main] DEBUG org.hibernate.SQL - 
    select
        o1_0.id 
    from
        orders o1_0 
    where
        o1_0.idempotency_key=? 
    fetch
        first ? rows only
Hibernate: 
    select
        o1_0.id 
    from
        orders o1_0 
    where
        o1_0.idempotency_key=? 
    fetch
        first ? rows only
2026-08-11 23:30:47.853 [main] DEBUG org.hibernate.SQL - 
    select
        o1_0.id 
    from
        orders o1_0 
    where
        o1_0.idempotency_key=? 
    fetch
        first ? rows only
Hibernate: 
    select
        o1_0.id 
    from
        orders o1_0 
    where
        o1_0.idempotency_key=? 
    fetch
        first ? rows only
2026-08-11 23:30:47.855 [main] DEBUG org.hibernate.SQL - 
    select
        o1_0.id 
    from
        orders o1_0 
    where
        o1_0.idempotency_key=? 
    fetch
        first ? rows only
Hibernate: 
    select
        o1_0.id 
    from
        orders o1_0 
    where
        o1_0.idempotency_key=? 
    fetch
        first ? rows only
2026-08-11 23:30:47.858 [main] DEBUG org.hibernate.SQL - 
    select
        o1_0.id 
    from
        orders o1_0 
    where
        o1_0.idempotency_key=? 
    fetch
        first ? rows only
Hibernate: 
    select
        o1_0.id 
    from
        orders o1_0 
    where
        o1_0.idempotency_key=? 
    fetch
        first ? rows only
2026-08-11 23:30:47.860 [main] DEBUG org.hibernate.SQL - 
    select
        o1_0.id 
    from
        orders o1_0 
    where
        o1_0.idempotency_key=? 
    fetch
        first ? rows only
Hibernate: 
    select
        o1_0.id 
    from
        orders o1_0 
    where
        o1_0.idempotency_key=? 
    fetch
        first ? rows only
2026-08-11 23:30:47.862 [main] DEBUG org.hibernate.SQL - 
    select
        o1_0.id 
    from
        orders o1_0 
    where
        o1_0.idempotency_key=? 
    fetch
        first ? rows only
Hibernate: 
    select
        o1_0.id 
    from
        orders o1_0 
    where
        o1_0.idempotency_key=? 
    fetch
        first ? rows only
2026-08-11 23:30:47.864 [main] DEBUG org.hibernate.SQL - 
    select
        o1_0.id 
    from
        orders o1_0 
    where
        o1_0.idempotency_key=? 
    fetch
        first ? rows only
Hibernate: 
    select
        o1_0.id 
    from
        orders o1_0 
    where
        o1_0.idempotency_key=? 
    fetch
        first ? rows only
2026-08-11 23:30:47.866 [main] DEBUG org.hibernate.SQL - 
    select
        o1_0.id 
    from
        orders o1_0 
    where
        o1_0.idempotency_key=? 
    fetch
        first ? rows only
Hibernate: 
    select
        o1_0.id 
    from
        orders o1_0 
    where
        o1_0.idempotency_key=? 
    fetch
        first ? rows only
2026-08-11 23:30:47.868 [main] DEBUG org.hibernate.SQL - 
    select
        o1_0.id 
    from
        orders o1_0 
    where
        o1_0.idempotency_key=? 
    fetch
        first ? rows only
Hibernate: 
    select
        o1_0.id 
    from
        orders o1_0 
    where
        o1_0.idempotency_key=? 
    fetch
        first ? rows only
2026-08-11 23:30:47.870 [main] DEBUG org.hibernate.SQL - 
    select
        o1_0.id 
    from
        orders o1_0 
    where
        o1_0.idempotency_key=? 
    fetch
        first ? rows only
Hibernate: 
    select
        o1_0.id 
    from
        orders o1_0 
    where
        o1_0.idempotency_key=? 
    fetch
        first ? rows only
2026-08-11 23:30:47.872 [main] DEBUG org.hibernate.SQL - 
    select
        o1_0.id 
    from
        orders o1_0 
    where
        o1_0.idempotency_key=? 
    fetch
        first ? rows only
Hibernate: 
    select
        o1_0.id 
    from
        orders o1_0 
    where
        o1_0.idempotency_key=? 
    fetch
        first ? rows only
2026-08-11 23:30:47.873 [main] DEBUG org.hibernate.SQL - 
    select
        o1_0.id 
    from
        orders o1_0 
    where
        o1_0.idempotency_key=? 
    fetch
        first ? rows only
Hibernate: 
    select
        o1_0.id 
    from
        orders o1_0 
    where
        o1_0.idempotency_key=? 
    fetch
        first ? rows only
2026-08-11 23:30:47.875 [main] DEBUG org.hibernate.SQL - 
    select
        o1_0.id 
    from
        orders o1_0 
    where
        o1_0.idempotency_key=? 
    fetch
        first ? rows only
Hibernate: 
    select
        o1_0.id 
    from
        orders o1_0 
    where
        o1_0.idempotency_key=? 
    fetch
        first ? rows only
2026-08-11 23:30:47.877 [main] DEBUG org.hibernate.SQL - 
    select
        o1_0.id 
    from
        orders o1_0 
    where
        o1_0.idempotency_key=? 
    fetch
        first ? rows only
Hibernate: 
    select
        o1_0.id 
    from
        orders o1_0 
    where
        o1_0.idempotency_key=? 
    fetch
        first ? rows only
2026-08-11 23:30:47.878 [main] DEBUG org.hibernate.SQL - 
    select
        o1_0.id 
    from
        orders o1_0 
    where
        o1_0.idempotency_key=? 
    fetch
        first ? rows only
Hibernate: 
    select
        o1_0.id 
    from
        orders o1_0 
    where
        o1_0.idempotency_key=? 
    fetch
        first ? rows only
2026-08-11 23:30:47.879 [main] DEBUG org.hibernate.SQL - 
    select
        o1_0.id 
    from
        orders o1_0 
    where
        o1_0.idempotency_key=? 
    fetch
        first ? rows only
Hibernate: 
    select
        o1_0.id 
    from
        orders o1_0 
    where
        o1_0.idempotency_key=? 
    fetch
        first ? rows only
2026-08-11 23:30:47.881 [main] DEBUG org.hibernate.SQL - 
    select
        o1_0.id 
    from
        orders o1_0 
    where
        o1_0.idempotency_key=? 
    fetch
        first ? rows only
Hibernate: 
    select
        o1_0.id 
    from
        orders o1_0 
    where
        o1_0.idempotency_key=? 
    fetch
        first ? rows only
2026-08-11 23:30:47.883 [main] DEBUG org.hibernate.SQL - 
    select
        o1_0.id 
    from
        orders o1_0 
    where
        o1_0.idempotency_key=? 
    fetch
        first ? rows only
Hibernate: 
    select
        o1_0.id 
    from
        orders o1_0 
    where
        o1_0.idempotency_key=? 
    fetch
        first ? rows only
2026-08-11 23:30:47.885 [main] DEBUG org.hibernate.SQL - 
    select
        o1_0.id 
    from
        orders o1_0 
    where
        o1_0.idempotency_key=? 
    fetch
        first ? rows only
Hibernate: 
    select
        o1_0.id 
    from
        orders o1_0 
    where
        o1_0.idempotency_key=? 
    fetch
        first ? rows only
2026-08-11 23:30:47.888 [main] DEBUG org.hibernate.SQL - 
    select
        o1_0.id 
    from
        orders o1_0 
    where
        o1_0.idempotency_key=? 
    fetch
        first ? rows only
Hibernate: 
    select
        o1_0.id 
    from
        orders o1_0 
    where
        o1_0.idempotency_key=? 
    fetch
        first ? rows only
2026-08-11 23:30:47.890 [main] DEBUG org.hibernate.SQL - 
    select
        o1_0.id 
    from
        orders o1_0 
    where
        o1_0.idempotency_key=? 
    fetch
        first ? rows only
Hibernate: 
    select
        o1_0.id 
    from
        orders o1_0 
    where
        o1_0.idempotency_key=? 
    fetch
        first ? rows only
2026-08-11 23:30:47.891 [main] DEBUG org.hibernate.SQL - 
    select
        o1_0.id 
    from
        orders o1_0 
    where
        o1_0.idempotency_key=? 
    fetch
        first ? rows only
Hibernate: 
    select
        o1_0.id 
    from
        orders o1_0 
    where
        o1_0.idempotency_key=? 
    fetch
        first ? rows only
2026-08-11 23:30:47.893 [main] DEBUG org.hibernate.SQL - 
    select
        o1_0.id 
    from
        orders o1_0 
    where
        o1_0.idempotency_key=? 
    fetch
        first ? rows only
Hibernate: 
    select
        o1_0.id 
    from
        orders o1_0 
    where
        o1_0.idempotency_key=? 
    fetch
        first ? rows only
2026-08-11 23:30:47.895 [main] DEBUG org.hibernate.SQL - 
    select
        o1_0.id 
    from
        orders o1_0 
    where
        o1_0.idempotency_key=? 
    fetch
        first ? rows only
Hibernate: 
    select
        o1_0.id 
    from
        orders o1_0 
    where
        o1_0.idempotency_key=? 
    fetch
        first ? rows only
2026-08-11 23:30:47.896 [main] DEBUG org.hibernate.SQL - 
    select
        o1_0.id 
    from
        orders o1_0 
    where
        o1_0.idempotency_key=? 
    fetch
        first ? rows only
Hibernate: 
    select
        o1_0.id 
    from
        orders o1_0 
    where
        o1_0.idempotency_key=? 
    fetch
        first ? rows only
2026-08-11 23:30:47.898 [main] DEBUG org.hibernate.SQL - 
    select
        o1_0.id 
    from
        orders o1_0 
    where
        o1_0.idempotency_key=? 
    fetch
        first ? rows only
Hibernate: 
    select
        o1_0.id 
    from
        orders o1_0 
    where
        o1_0.idempotency_key=? 
    fetch
        first ? rows only
2026-08-11 23:30:47.900 [main] DEBUG org.hibernate.SQL - 
    select
        o1_0.id 
    from
        orders o1_0 
    where
        o1_0.idempotency_key=? 
    fetch
        first ? rows only
Hibernate: 
    select
        o1_0.id 
    from
        orders o1_0 
    where
        o1_0.idempotency_key=? 
    fetch
        first ? rows only
2026-08-11 23:30:47.902 [main] DEBUG org.hibernate.SQL - 
    select
        o1_0.id 
    from
        orders o1_0 
    where
        o1_0.idempotency_key=? 
    fetch
        first ? rows only
Hibernate: 
    select
        o1_0.id 
    from
        orders o1_0 
    where
        o1_0.idempotency_key=? 
    fetch
        first ? rows only
2026-08-11 23:30:47.904 [main] DEBUG org.hibernate.SQL - 
    select
        o1_0.id 
    from
        orders o1_0 
    where
        o1_0.idempotency_key=? 
    fetch
        first ? rows only
Hibernate: 
    select
        o1_0.id 
    from
        orders o1_0 
    where
        o1_0.idempotency_key=? 
    fetch
        first ? rows only
2026-08-11 23:30:47.905 [main] DEBUG org.hibernate.SQL - 
    select
        o1_0.id 
    from
        orders o1_0 
    where
        o1_0.idempotency_key=? 
    fetch
        first ? rows only
Hibernate: 
    select
        o1_0.id 
    from
        orders o1_0 
    where
        o1_0.idempotency_key=? 
    fetch
        first ? rows only
2026-08-11 23:30:47.907 [main] DEBUG org.hibernate.SQL - 
    select
        o1_0.id 
    from
        orders o1_0 
    where
        o1_0.idempotency_key=? 
    fetch
        first ? rows only
Hibernate: 
    select
        o1_0.id 
    from
        orders o1_0 
    where
        o1_0.idempotency_key=? 
    fetch
        first ? rows only
2026-08-11 23:30:47.909 [main] DEBUG org.hibernate.SQL - 
    select
        o1_0.id 
    from
        orders o1_0 
    where
        o1_0.idempotency_key=? 
    fetch
        first ? rows only
Hibernate: 
    select
        o1_0.id 
    from
        orders o1_0 
    where
        o1_0.idempotency_key=? 
    fetch
        first ? rows only
2026-08-11 23:30:47.910 [main] DEBUG org.hibernate.SQL - 
    select
        o1_0.id 
    from
        orders o1_0 
    where
        o1_0.idempotency_key=? 
    fetch
        first ? rows only
Hibernate: 
    select
        o1_0.id 
    from
        orders o1_0 
    where
        o1_0.idempotency_key=? 
    fetch
        first ? rows only
2026-08-11 23:30:47.912 [main] DEBUG org.hibernate.SQL - 
    select
        o1_0.id 
    from
        orders o1_0 
    where
        o1_0.idempotency_key=? 
    fetch
        first ? rows only
Hibernate: 
    select
        o1_0.id 
    from
        orders o1_0 
    where
        o1_0.idempotency_key=? 
    fetch
        first ? rows only
2026-08-11 23:30:47.913 [main] DEBUG org.hibernate.SQL - 
    select
        o1_0.id 
    from
        orders o1_0 
    where
        o1_0.idempotency_key=? 
    fetch
        first ? rows only
Hibernate: 
    select
        o1_0.id 
    from
        orders o1_0 
    where
        o1_0.idempotency_key=? 
    fetch
        first ? rows only
2026-08-11 23:30:47.915 [main] DEBUG org.hibernate.SQL - 
    select
        o1_0.id 
    from
        orders o1_0 
    where
        o1_0.idempotency_key=? 
    fetch
        first ? rows only
Hibernate: 
    select
        o1_0.id 
    from
        orders o1_0 
    where
        o1_0.idempotency_key=? 
    fetch
        first ? rows only
2026-08-11 23:30:47.918 [main] DEBUG org.hibernate.SQL - 
    select
        o1_0.id 
    from
        orders o1_0 
    where
        o1_0.idempotency_key=? 
    fetch
        first ? rows only
Hibernate: 
    select
        o1_0.id 
    from
        orders o1_0 
    where
        o1_0.idempotency_key=? 
    fetch
        first ? rows only
2026-08-11 23:30:47.920 [main] DEBUG org.hibernate.SQL - 
    select
        o1_0.id 
    from
        orders o1_0 
    where
        o1_0.idempotency_key=? 
    fetch
        first ? rows only
Hibernate: 
    select
        o1_0.id 
    from
        orders o1_0 
    where
        o1_0.idempotency_key=? 
    fetch
        first ? rows only
2026-08-11 23:30:47.922 [main] DEBUG org.hibernate.SQL - 
    select
        o1_0.id 
    from
        orders o1_0 
    where
        o1_0.idempotency_key=? 
    fetch
        first ? rows only
Hibernate: 
    select
        o1_0.id 
    from
        orders o1_0 
    where
        o1_0.idempotency_key=? 
    fetch
        first ? rows only
2026-08-11 23:30:47.925 [main] DEBUG org.hibernate.SQL - 
    select
        o1_0.id 
    from
        orders o1_0 
    where
        o1_0.idempotency_key=? 
    fetch
        first ? rows only
Hibernate: 
    select
        o1_0.id 
    from
        orders o1_0 
    where
        o1_0.idempotency_key=? 
    fetch
        first ? rows only
2026-08-11 23:30:47.926 [main] DEBUG org.hibernate.SQL - 
    select
        o1_0.id 
    from
        orders o1_0 
    where
        o1_0.idempotency_key=? 
    fetch
        first ? rows only
Hibernate: 
    select
        o1_0.id 
    from
        orders o1_0 
    where
        o1_0.idempotency_key=? 
    fetch
        first ? rows only
2026-08-11 23:30:47.928 [main] DEBUG org.hibernate.SQL - 
    select
        o1_0.id 
    from
        orders o1_0 
    where
        o1_0.idempotency_key=? 
    fetch
        first ? rows only
Hibernate: 
    select
        o1_0.id 
    from
        orders o1_0 
    where
        o1_0.idempotency_key=? 
    fetch
        first ? rows only
2026-08-11 23:30:47.931 [main] DEBUG org.hibernate.SQL - 
    select
        o1_0.id 
    from
        orders o1_0 
    where
        o1_0.idempotency_key=? 
    fetch
        first ? rows only
Hibernate: 
    select
        o1_0.id 
    from
        orders o1_0 
    where
        o1_0.idempotency_key=? 
    fetch
        first ? rows only
2026-08-11 23:30:47.933 [main] DEBUG org.hibernate.SQL - 
    select
        o1_0.id 
    from
        orders o1_0 
    where
        o1_0.idempotency_key=? 
    fetch
        first ? rows only
Hibernate: 
    select
        o1_0.id 
    from
        orders o1_0 
    where
        o1_0.idempotency_key=? 
    fetch
        first ? rows only
2026-08-11 23:30:47.935 [main] DEBUG org.hibernate.SQL - 
    select
        o1_0.id 
    from
        orders o1_0 
    where
        o1_0.idempotency_key=? 
    fetch
        first ? rows only
Hibernate: 
    select
        o1_0.id 
    from
        orders o1_0 
    where
        o1_0.idempotency_key=? 
    fetch
        first ? rows only
]]></system-out>
  </testcase>
</testsuite>