<?xml version="1.0" encoding="UTF-8"?>
<testsuite xmlns:xsi="http://www.w3.org/2001/XMLSchema-instance" xsi:noNamespaceSchemaLocation="https://maven.apache.org/surefire/maven-surefire-plugin/xsd/surefire-test-report-3.0.xsd" version="3.0" name="com.moises.messaging.scenarios.DlqTest" time="8.878" tests="1" errors="0" skipped="0" failures="0">
  <properties>
[...]
</properties>
  <testcase name="devePublicarNaDlqQuandoMensagemForInvalida" classname="com.moises.messaging.scenarios.DlqTest" time="8.861">
    <system-out><![CDATA[2026-08-11 23:30:30.355 [main] INFO  o.s.t.c.s.AnnotationConfigContextLoaderUtils - Could not detect default configuration classes for test class [com.moises.messaging.scenarios.DlqTest]: DlqTest does not declare any static, non-private, non-final, nested classes annotated with @Configuration.
2026-08-11 23:30:30.358 [main] INFO  o.s.b.t.c.SpringBootTestContextBootstrapper - Found @SpringBootConfiguration com.moises.messaging.MessagingApplication for test class com.moises.messaging.scenarios.DlqTest
2026-08-11 23:30:30.371 [main] INFO  o.a.k.c.producer.ProducerConfig - ProducerConfig values: 
	acks = -1
	auto.include.jmx.reporter = true
	batch.size = 16384
	bootstrap.servers = [localhost:9092]
	buffer.memory = 33554432
	client.dns.lookup = use_all_dns_ips
	client.id = producer-1
	compression.type = none
	connections.max.idle.ms = 540000
	delivery.timeout.ms = 120000
	enable.idempotence = true
	enable.metrics.push = true
	interceptor.classes = []
	key.serializer = class org.apache.kafka.common.serialization.StringSerializer
	linger.ms = 0
	max.block.ms = 60000
	max.in.flight.requests.per.connection = 5
	max.request.size = 1048576
	metadata.max.age.ms = 300000
	metadata.max.idle.ms = 300000
	metric.reporters = []
	metrics.num.samples = 2
	metrics.recording.level = INFO
	metrics.sample.window.ms = 30000
	partitioner.adaptive.partitioning.enable = true
	partitioner.availability.timeout.ms = 0
	partitioner.class = null
	partitioner.ignore.keys = false
	receive.buffer.bytes = 32768
	reconnect.backoff.max.ms = 1000
	reconnect.backoff.ms = 50
	request.timeout.ms = 30000
	retries = 2147483647
	retry.backoff.max.ms = 1000
	retry.backoff.ms = 100
	sasl.client.callback.handler.class = null
	sasl.jaas.config = null
	sasl.kerberos.kinit.cmd = /usr/bin/kinit
	sasl.kerberos.min.time.before.relogin = 60000
	sasl.kerberos.service.name = null
	sasl.kerberos.ticket.renew.jitter = 0.05
	sasl.kerberos.ticket.renew.window.factor = 0.8
	sasl.login.callback.handler.class = null
	sasl.login.class = null
	sasl.login.connect.timeout.ms = null
	sasl.login.read.timeout.ms = null
	sasl.login.refresh.buffer.seconds = 300
	sasl.login.refresh.min.period.seconds = 60
	sasl.login.refresh.window.factor = 0.8
	sasl.login.refresh.window.jitter = 0.05
	sasl.login.retry.backoff.max.ms = 10000
	sasl.login.retry.backoff.ms = 100
	sasl.mechanism = GSSAPI
	sasl.oauthbearer.clock.skew.seconds = 30
	sasl.oauthbearer.expected.audience = null
	sasl.oauthbearer.expected.issuer = null
	sasl.oauthbearer.jwks.endpoint.refresh.ms = 3600000
	sasl.oauthbearer.jwks.endpoint.retry.backoff.max.ms = 10000
	sasl.oauthbearer.jwks.endpoint.retry.backoff.ms = 100
	sasl.oauthbearer.jwks.endpoint.url = null
	sasl.oauthbearer.scope.claim.name = scope
	sasl.oauthbearer.sub.claim.name = sub
	sasl.oauthbearer.token.endpoint.url = null
	security.protocol = PLAINTEXT
	security.providers = null
	send.buffer.bytes = 131072
	socket.connection.setup.timeout.max.ms = 30000
	socket.connection.setup.timeout.ms = 10000
	ssl.cipher.suites = null
	ssl.enabled.protocols = [TLSv1.2, TLSv1.3]
	ssl.endpoint.identification.algorithm = https
	ssl.engine.factory.class = null
	ssl.key.password = null
	ssl.keymanager.algorithm = SunX509
	ssl.keystore.certificate.chain = null
	ssl.keystore.key = null
	ssl.keystore.location = null
	ssl.keystore.password = null
	ssl.keystore.type = JKS
	ssl.protocol = TLSv1.3
	ssl.provider = null
	ssl.secure.random.implementation = null
	ssl.trustmanager.algorithm = PKIX
	ssl.truststore.certificates = null
	ssl.truststore.location = null
	ssl.truststore.password = null
	ssl.truststore.type = JKS
	transaction.timeout.ms = 60000
	transactional.id = null
	value.serializer = class org.springframework.kafka.support.serializer.JsonSerializer

2026-08-11 23:30:30.372 [main] INFO  o.a.k.c.t.i.KafkaMetricsCollector - initializing Kafka metrics collector
2026-08-11 23:30:30.375 [main] INFO  o.a.k.clients.producer.KafkaProducer - [Producer clientId=producer-1] Instantiated an idempotent producer.
2026-08-11 23:30:30.385 [main] INFO  o.a.kafka.common.utils.AppInfoParser - Kafka version: 3.7.1
2026-08-11 23:30:30.385 [main] INFO  o.a.kafka.common.utils.AppInfoParser - Kafka commitId: e2494e6ffb89f828
2026-08-11 23:30:30.386 [main] INFO  o.a.kafka.common.utils.AppInfoParser - Kafka startTimeMs: 1786501830385
2026-08-11 23:30:30.409 [kafka-producer-network-thread | producer-1] INFO  org.apache.kafka.clients.Metadata - [Producer clientId=producer-1] Cluster ID: MkU3OEVBNTcwNTJENDM2Qk
2026-08-11 23:30:30.409 [kafka-producer-network-thread | producer-1] INFO  o.a.k.c.p.i.TransactionManager - [Producer clientId=producer-1] ProducerId set to 18 with epoch 0
2026-08-11 23:30:30.425 [org.springframework.kafka.KafkaListenerEndpointContainer#0-0-C-1] INFO  c.m.m.service.OrderConsumerService - Mensagem recebida: idempotencyKey=[dlq-invalido-b0001b6c-4f3e-4bef-956c-260216683903]
2026-08-11 23:30:35.429 [main] DEBUG org.hibernate.SQL - 
    select
        o1_0.id 
    from
        orders o1_0 
    where
        o1_0.idempotency_key=? 
    fetch
        first ? rows only
Hibernate: 
    select
        o1_0.id 
    from
        orders o1_0 
    where
        o1_0.idempotency_key=? 
    fetch
        first ? rows only
2026-08-11 23:30:35.434 [main] INFO  com.moises.messaging.evidence - TEST_ASSERT_NEVER_PERSISTED idempotencyKey=dlq-invalido-b0001b6c-4f3e-4bef-956c-260216683903 confirmed=true
2026-08-11 23:30:35.436 [main] INFO  o.a.k.c.consumer.ConsumerConfig - ConsumerConfig values: 
	allow.auto.create.topics = true
	auto.commit.interval.ms = 5000
	auto.include.jmx.reporter = true
	auto.offset.reset = earliest
	bootstrap.servers = [localhost:9092]
	check.crcs = true
	client.dns.lookup = use_all_dns_ips
	client.id = consumer-dlq-test-reader-dlq-invalido-b0001b6c-4f3e-4bef-956c-260216683903-2
	client.rack = 
	connections.max.idle.ms = 540000
	default.api.timeout.ms = 60000
	enable.auto.commit = true
	enable.metrics.push = true
	exclude.internal.topics = true
	fetch.max.bytes = 52428800
	fetch.max.wait.ms = 500
	fetch.min.bytes = 1
	group.id = dlq-test-reader-dlq-invalido-b0001b6c-4f3e-4bef-956c-260216683903
	group.instance.id = null
	group.protocol = classic
	group.remote.assignor = null
	heartbeat.interval.ms = 3000
	interceptor.classes = []
	internal.leave.group.on.close = true
	internal.throw.on.fetch.stable.offset.unsupported = false
	isolation.level = read_uncommitted
	key.deserializer = class org.apache.kafka.common.serialization.StringDeserializer
	max.partition.fetch.bytes = 1048576
	max.poll.interval.ms = 300000
	max.poll.records = 500
	metadata.max.age.ms = 300000
	metric.reporters = []
	metrics.num.samples = 2
	metrics.recording.level = INFO
	metrics.sample.window.ms = 30000
	partition.assignment.strategy = [class org.apache.kafka.clients.consumer.RangeAssignor, class org.apache.kafka.clients.consumer.CooperativeStickyAssignor]
	receive.buffer.bytes = 65536
	reconnect.backoff.max.ms = 1000
	reconnect.backoff.ms = 50
	request.timeout.ms = 30000
	retry.backoff.max.ms = 1000
	retry.backoff.ms = 100
	sasl.client.callback.handler.class = null
	sasl.jaas.config = null
	sasl.kerberos.kinit.cmd = /usr/bin/kinit
	sasl.kerberos.min.time.before.relogin = 60000
	sasl.kerberos.service.name = null
	sasl.kerberos.ticket.renew.jitter = 0.05
	sasl.kerberos.ticket.renew.window.factor = 0.8
	sasl.login.callback.handler.class = null
	sasl.login.class = null
	sasl.login.connect.timeout.ms = null
	sasl.login.read.timeout.ms = null
	sasl.login.refresh.buffer.seconds = 300
	sasl.login.refresh.min.period.seconds = 60
	sasl.login.refresh.window.factor = 0.8
	sasl.login.refresh.window.jitter = 0.05
	sasl.login.retry.backoff.max.ms = 10000
	sasl.login.retry.backoff.ms = 100
	sasl.mechanism = GSSAPI
	sasl.oauthbearer.clock.skew.seconds = 30
	sasl.oauthbearer.expected.audience = null
	sasl.oauthbearer.expected.issuer = null
	sasl.oauthbearer.jwks.endpoint.refresh.ms = 3600000
	sasl.oauthbearer.jwks.endpoint.retry.backoff.max.ms = 10000
	sasl.oauthbearer.jwks.endpoint.retry.backoff.ms = 100
	sasl.oauthbearer.jwks.endpoint.url = null
	sasl.oauthbearer.scope.claim.name = scope
	sasl.oauthbearer.sub.claim.name = sub
	sasl.oauthbearer.token.endpoint.url = null
	security.protocol = PLAINTEXT
	security.providers = null
	send.buffer.bytes = 131072
	session.timeout.ms = 45000
	socket.connection.setup.timeout.max.ms = 30000
	socket.connection.setup.timeout.ms = 10000
	ssl.cipher.suites = null
	ssl.enabled.protocols = [TLSv1.2, TLSv1.3]
	ssl.endpoint.identification.algorithm = https
	ssl.engine.factory.class = null
	ssl.key.password = null
	ssl.keymanager.algorithm = SunX509
	ssl.keystore.certificate.chain = null
	ssl.keystore.key = null
	ssl.keystore.location = null
	ssl.keystore.password = null
	ssl.keystore.type = JKS
	ssl.protocol = TLSv1.3
	ssl.provider = null
	ssl.secure.random.implementation = null
	ssl.trustmanager.algorithm = PKIX
	ssl.truststore.certificates = null
	ssl.truststore.location = null
	ssl.truststore.password = null
	ssl.truststore.type = JKS
	value.deserializer = class org.apache.kafka.common.serialization.StringDeserializer

2026-08-11 23:30:35.437 [main] INFO  o.a.k.c.t.i.KafkaMetricsCollector - initializing Kafka metrics collector
2026-08-11 23:30:35.444 [main] INFO  o.a.kafka.common.utils.AppInfoParser - Kafka version: 3.7.1
2026-08-11 23:30:35.444 [main] INFO  o.a.kafka.common.utils.AppInfoParser - Kafka commitId: e2494e6ffb89f828
2026-08-11 23:30:35.444 [main] INFO  o.a.kafka.common.utils.AppInfoParser - Kafka startTimeMs: 1786501835444
2026-08-11 23:30:35.444 [main] INFO  o.a.k.c.c.i.LegacyKafkaConsumer - [Consumer clientId=consumer-dlq-test-reader-dlq-invalido-b0001b6c-4f3e-4bef-956c-260216683903-2, groupId=dlq-test-reader-dlq-invalido-b0001b6c-4f3e-4bef-956c-260216683903] Subscribed to topic(s): orders-topic.DLQ
2026-08-11 23:30:35.558 [awaitility-thread] INFO  org.apache.kafka.clients.Metadata - [Consumer clientId=consumer-dlq-test-reader-dlq-invalido-b0001b6c-4f3e-4bef-956c-260216683903-2, groupId=dlq-test-reader-dlq-invalido-b0001b6c-4f3e-4bef-956c-260216683903] Cluster ID: MkU3OEVBNTcwNTJENDM2Qk
2026-08-11 23:30:35.559 [awaitility-thread] INFO  o.a.k.c.c.i.ConsumerCoordinator - [Consumer clientId=consumer-dlq-test-reader-dlq-invalido-b0001b6c-4f3e-4bef-956c-260216683903-2, groupId=dlq-test-reader-dlq-invalido-b0001b6c-4f3e-4bef-956c-260216683903] Discovered group coordinator localhost:9092 (id: 2147483646 rack: null)
2026-08-11 23:30:35.563 [awaitility-thread] INFO  o.a.k.c.c.i.ConsumerCoordinator - [Consumer clientId=consumer-dlq-test-reader-dlq-invalido-b0001b6c-4f3e-4bef-956c-260216683903-2, groupId=dlq-test-reader-dlq-invalido-b0001b6c-4f3e-4bef-956c-260216683903] (Re-)joining group
2026-08-11 23:30:35.568 [awaitility-thread] INFO  o.a.k.c.c.i.ConsumerCoordinator - [Consumer clientId=consumer-dlq-test-reader-dlq-invalido-b0001b6c-4f3e-4bef-956c-260216683903-2, groupId=dlq-test-reader-dlq-invalido-b0001b6c-4f3e-4bef-956c-260216683903] Request joining group due to: need to re-join with the given member-id: consumer-dlq-test-reader-dlq-invalido-b0001b6c-4f3e-4bef-956c-260216683903-2-9cf6521e-7b34-4902-b3f4-cf490ff5ae52
2026-08-11 23:30:35.570 [awaitility-thread] INFO  o.a.k.c.c.i.ConsumerCoordinator - [Consumer clientId=consumer-dlq-test-reader-dlq-invalido-b0001b6c-4f3e-4bef-956c-260216683903-2, groupId=dlq-test-reader-dlq-invalido-b0001b6c-4f3e-4bef-956c-260216683903] (Re-)joining group
2026-08-11 23:30:38.682 [awaitility-thread] INFO  o.a.k.c.c.i.ConsumerCoordinator - [Consumer clientId=consumer-dlq-test-reader-dlq-invalido-b0001b6c-4f3e-4bef-956c-260216683903-2, groupId=dlq-test-reader-dlq-invalido-b0001b6c-4f3e-4bef-956c-260216683903] Successfully joined group with generation Generation{generationId=1, memberId='consumer-dlq-test-reader-dlq-invalido-b0001b6c-4f3e-4bef-956c-260216683903-2-9cf6521e-7b34-4902-b3f4-cf490ff5ae52', protocol='range'}
2026-08-11 23:30:38.682 [awaitility-thread] INFO  o.a.k.c.c.i.ConsumerCoordinator - [Consumer clientId=consumer-dlq-test-reader-dlq-invalido-b0001b6c-4f3e-4bef-956c-260216683903-2, groupId=dlq-test-reader-dlq-invalido-b0001b6c-4f3e-4bef-956c-260216683903] Finished assignment for group at generation 1: {consumer-dlq-test-reader-dlq-invalido-b0001b6c-4f3e-4bef-956c-260216683903-2-9cf6521e-7b34-4902-b3f4-cf490ff5ae52=Assignment(partitions=[orders-topic.DLQ-0])}
2026-08-11 23:30:38.688 [awaitility-thread] INFO  o.a.k.c.c.i.ConsumerCoordinator - [Consumer clientId=consumer-dlq-test-reader-dlq-invalido-b0001b6c-4f3e-4bef-956c-260216683903-2, groupId=dlq-test-reader-dlq-invalido-b0001b6c-4f3e-4bef-956c-260216683903] Successfully synced group in generation Generation{generationId=1, memberId='consumer-dlq-test-reader-dlq-invalido-b0001b6c-4f3e-4bef-956c-260216683903-2-9cf6521e-7b34-4902-b3f4-cf490ff5ae52', protocol='range'}
2026-08-11 23:30:38.689 [awaitility-thread] INFO  o.a.k.c.c.i.ConsumerCoordinator - [Consumer clientId=consumer-dlq-test-reader-dlq-invalido-b0001b6c-4f3e-4bef-956c-260216683903-2, groupId=dlq-test-reader-dlq-invalido-b0001b6c-4f3e-4bef-956c-260216683903] Notifying assignor about the new Assignment(partitions=[orders-topic.DLQ-0])
2026-08-11 23:30:38.689 [awaitility-thread] INFO  o.a.k.c.c.i.ConsumerRebalanceListenerInvoker - [Consumer clientId=consumer-dlq-test-reader-dlq-invalido-b0001b6c-4f3e-4bef-956c-260216683903-2, groupId=dlq-test-reader-dlq-invalido-b0001b6c-4f3e-4bef-956c-260216683903] Adding newly assigned partitions: orders-topic.DLQ-0
2026-08-11 23:30:38.693 [awaitility-thread] INFO  o.a.k.c.c.i.ConsumerCoordinator - [Consumer clientId=consumer-dlq-test-reader-dlq-invalido-b0001b6c-4f3e-4bef-956c-260216683903-2, groupId=dlq-test-reader-dlq-invalido-b0001b6c-4f3e-4bef-956c-260216683903] Found no committed offset for partition orders-topic.DLQ-0
2026-08-11 23:30:38.703 [awaitility-thread] INFO  o.a.k.c.c.i.SubscriptionState - [Consumer clientId=consumer-dlq-test-reader-dlq-invalido-b0001b6c-4f3e-4bef-956c-260216683903-2, groupId=dlq-test-reader-dlq-invalido-b0001b6c-4f3e-4bef-956c-260216683903] Resetting offset for partition orders-topic.DLQ-0 to position FetchPosition{offset=0, offsetEpoch=Optional.empty, currentLeader=LeaderAndEpoch{leader=Optional[localhost:9092 (id: 1 rack: null)], epoch=0}}.
2026-08-11 23:30:38.712 [main] INFO  o.a.k.c.c.i.ConsumerRebalanceListenerInvoker - [Consumer clientId=consumer-dlq-test-reader-dlq-invalido-b0001b6c-4f3e-4bef-956c-260216683903-2, groupId=dlq-test-reader-dlq-invalido-b0001b6c-4f3e-4bef-956c-260216683903] Revoke previously assigned partitions orders-topic.DLQ-0
2026-08-11 23:30:38.713 [main] INFO  o.a.k.c.c.i.ConsumerCoordinator - [Consumer clientId=consumer-dlq-test-reader-dlq-invalido-b0001b6c-4f3e-4bef-956c-260216683903-2, groupId=dlq-test-reader-dlq-invalido-b0001b6c-4f3e-4bef-956c-260216683903] Member consumer-dlq-test-reader-dlq-invalido-b0001b6c-4f3e-4bef-956c-260216683903-2-9cf6521e-7b34-4902-b3f4-cf490ff5ae52 sending LeaveGroup request to coordinator localhost:9092 (id: 2147483646 rack: null) due to the consumer is being closed
2026-08-11 23:30:38.714 [main] INFO  o.a.k.c.c.i.ConsumerCoordinator - [Consumer clientId=consumer-dlq-test-reader-dlq-invalido-b0001b6c-4f3e-4bef-956c-260216683903-2, groupId=dlq-test-reader-dlq-invalido-b0001b6c-4f3e-4bef-956c-260216683903] Resetting generation and member id due to: consumer pro-actively leaving the group
2026-08-11 23:30:38.714 [main] INFO  o.a.k.c.c.i.ConsumerCoordinator - [Consumer clientId=consumer-dlq-test-reader-dlq-invalido-b0001b6c-4f3e-4bef-956c-260216683903-2, groupId=dlq-test-reader-dlq-invalido-b0001b6c-4f3e-4bef-956c-260216683903] Request joining group due to: consumer pro-actively leaving the group
2026-08-11 23:30:39.215 [main] INFO  o.a.kafka.common.metrics.Metrics - Metrics scheduler closed
2026-08-11 23:30:39.215 [main] INFO  o.a.kafka.common.metrics.Metrics - Closing reporter org.apache.kafka.common.metrics.JmxReporter
2026-08-11 23:30:39.215 [main] INFO  o.a.kafka.common.metrics.Metrics - Closing reporter org.apache.kafka.common.telemetry.internals.ClientTelemetryReporter
2026-08-11 23:30:39.215 [main] INFO  o.a.kafka.common.metrics.Metrics - Metrics reporters closed
2026-08-11 23:30:39.222 [main] INFO  o.a.kafka.common.utils.AppInfoParser - App info kafka.consumer for consumer-dlq-test-reader-dlq-invalido-b0001b6c-4f3e-4bef-956c-260216683903-2 unregistered
]]></system-out>
  </testcase>
</testsuite>